[SERVER PACKET] => ID[0], UtilComponent::preAuth [0x0009::0x7] TYPE: 0x1000
List<Tdf> Content = new List<Tdf>
{
	new TdfString("ASRC", "308072"),
	new TdfList("CIDS", TdfBaseType.TDF_TYPE_INTEGER, new List<object>
	{
		1, 4, 6, 7, 9, 10, 15, 20, 21, 24, 25, 2000, 27, 28, 30720, 30722, 30723, 30724, 33, 30726, 35, 30727, 30728, 30729, 30730, 63490
	}),
	new TdfStruct("CONF", new List<Tdf>
	{
		new TdfMap("CONF", TdfBaseType.TDF_TYPE_STRING, TdfBaseType.TDF_TYPE_STRING, new Dictionary<object, object>
		{
			{ "associationListSkipInitialSet", "1" },
			{ "blazeServerClientId", "NFS14-Rivals-PC-Server" },
			{ "bytevaultHostname", "bytevault.gameservices.ea.com" },
			{ "bytevaultPort", "42310" },
			{ "bytevaultSecure", "true" },
			{ "capsStringValidationUri", "client-strings.xboxlive.com" },
			{ "connIdleTimeout", "40s" },
			{ "defaultRequestTimeout", "20s" },
			{ "identityDisplayUri", "console2/welcome" },
			{ "identityRedirectUri", "http://127.0.0.1/success" },
			{ "nucleusConnect", "https://accounts.ea.com" },
			{ "nucleusProxy", "https://gateway.ea.com" },
			{ "pingPeriod", "20s" },
			{ "userManagerMaxCachedUsers", "0" },
			{ "voipHeadsetUpdateRate", "1000" },
			{ "xblTokenUrn", "accounts.ea.com" },
			{ "xlspConnectionIdleTimeout", "300" },
		}),
	}),
	new TdfString("ESRC", "308072"),
	new TdfString("INST", "nfs-rivals-pc"),
	new TdfInteger("MINR", 0),
	new TdfString("NASP", "cem_ea_id"),
	new TdfString("PILD", ""),
	new TdfString("PLAT", "pc"),
	new TdfStruct("QOSS", new List<Tdf>
	{
		new TdfStruct("BWPS", new List<Tdf>
		{
			new TdfString("PSA", "qos-prod-bio-iad-common-common.gos.ea.com"),
			new TdfInteger("PSP", 17502),
			new TdfString("SNA", ""),
		}),
		new TdfInteger("LNP", 10),
		new TdfMap("LTPS", TdfBaseType.TDF_TYPE_STRING, TdfBaseType.TDF_TYPE_STRUCT, new Dictionary<object, object>
		{
			{ "bio-iad",  new TdfStruct("", new List<Tdf> {
				new TdfString("PSA", "qos-prod-bio-iad-common-common.gos.ea.com"),
				new TdfInteger("PSP", 17502),
				new TdfString("SNA", "bio-iad-prod"),
			})},
			{ "bio-sjc",  new TdfStruct("", new List<Tdf> {
				new TdfString("PSA", "qos-prod-bio-sjc-common-common.gos.ea.com"),
				new TdfInteger("PSP", 17502),
				new TdfString("SNA", "bio-sjc-prod"),
			})},
			{ "bio-syd",  new TdfStruct("", new List<Tdf> {
				new TdfString("PSA", "qos-prod-bio-syd-common-common.gos.ea.com"),
				new TdfInteger("PSP", 17502),
				new TdfString("SNA", "bio-syd-prod"),
			})},
			{ "ea-ams",  new TdfStruct("", new List<Tdf> {
				new TdfString("PSA", "qos-prod-bio-dub-common-common.gos.ea.com"),
				new TdfInteger("PSP", 17502),
				new TdfString("SNA", "bio-dub-prod-shared"),
			})},
		}),
		new TdfInteger("SVID", 1161889797),
		new TdfInteger("TIME", 5000000),
	}),
	new TdfString("RSRC", "308072"),
	new TdfString("SVER", "Blaze 13.3.1.5.3 (CL# 1549524)
"),
};
byte[] buff = Blaze.CreatePacket((ushort)Blaze.Component.UTIL, 0x7, 0, (ushort)Blaze.MessageType.REPLY, packet.MsgNum, Content);

