[CLIENT PACKET] => ID[20], AuthenticationComponent::getAuthToken [0x0001::0x24] TYPE: 0x0000
List<Tdf> Content = new List<Tdf>
{
};
byte[] buff = Blaze.CreatePacket((ushort)Blaze.Component.AUTHENTICATION, 0x24, 0, (ushort)Blaze.MessageType.MESSAGE, packet.MsgNum, Content);

[CLIENT PACKET] => ID[21], GameReportingComponent::submitOfflineGameReport [0x001C::0x2] TYPE: 0x0000
List<Tdf> Content = new List<Tdf>
{
	new TdfInteger("FNSH", 0),
	new TdfIntegerList("PRVT", new List<ulong>
	{
	}),
	new TdfStruct("RPRT", new List<Tdf>
	{
		new TdfIntegerList("GAME", new List<ulong>
		{
			4091743785
		}),
		new TdfStruct("GAME", new List<Tdf>
		{
			new TdfMap("PLYR", TdfBaseType.TDF_TYPE_INTEGER, TdfBaseType.TDF_TYPE_STRUCT, new Dictionary<object, object>
			{
				{ 234139865,  new TdfStruct("", new List<Tdf> {
					new TdfInteger("ENTI", 0),
					new TdfMap("STAS", TdfBaseType.TDF_TYPE_STRING, TdfBaseType.TDF_TYPE_STRING, new Dictionary<object, object>
					{
						{ "SaveTimestamp", "1662345153" },
					}),
				})},
			}),
		}),
	}),
	new TdfInteger("GRID", 0),
	new TdfString("GTYP", "MetaData00000000"),
};
byte[] buff = Blaze.CreatePacket((ushort)Blaze.Component.GAMEREPORTING, 0x2, 0, (ushort)Blaze.MessageType.MESSAGE, packet.MsgNum, Content);

