[SERVER PACKET] => ID[0], GameReportingComponent::Unknown [0x001C::0x72] TYPE: 0x2000
{
	[DATA]:TdfIntegerList = 
	{
	}
	[EROR]:TdfInteger = 0 (0x0)
	[FNL]:TdfInteger = 0 (0x0)
	[GHID]:TdfInteger = 18014401845509967 (0x400000C6D7BF4F)
	[GRID]:TdfInteger = 18014401845509967 (0x400000C6D7BF4F)
}
[SERVER PACKET] => ID[116], GameReportingComponent::submitOfflineGameReport [0x001C::0x2] TYPE: 0x1000
{
}
[SERVER PACKET] => ID[0], GameReportingComponent::Unknown [0x001C::0x72] TYPE: 0x2000
{
	[DATA]:TdfIntegerList = 
	{
	}
	[EROR]:TdfInteger = 0 (0x0)
	[FNL]:TdfInteger = 0 (0x0)
	[GHID]:TdfInteger = 18014401845509969 (0x400000C6D7BF51)
	[GRID]:TdfInteger = 18014401845509969 (0x400000C6D7BF51)
}
