[CLIENT PACKET] => ID[22], GameManagerComponent::resetDedicatedServer [0x0004::0x19] TYPE: 0x0000
List<Tdf> Content = new List<Tdf>
{
	new TdfMap("ATTR", TdfBaseType.TDF_TYPE_STRING, TdfBaseType.TDF_TYPE_STRING, new Dictionary<object, object>
	{
		{ "gameMembershipRequirements", "Private" },
	}),
	new TdfVector3("BTPL", 30722, 2, 108086391056956670),
	new TdfString("GCTR", ""),
	new TdfInteger("GENT", 0),
	new TdfInteger("GMRG", 0),
	new TdfString("GNAM", "Sinnerx9"),
	new TdfInteger("GSET", 276),
	new TdfString("GTYP", ""),
	new TdfString("GURL", ""),
	new TdfList("HNET", TdfBaseType.TDF_TYPE_STRUCT, new List<object>
	{
		new TdfStruct("", new List<Tdf>
		{
			new TdfStruct("EXIP", new List<Tdf>
			{
				new TdfInteger("IP", 1384191085),
				new TdfInteger("MACI", 0),
				new TdfInteger("PORT", 3659),
			}),
			new TdfStruct("INIP", new List<Tdf>
			{
				new TdfInteger("IP", 3232261130),
				new TdfInteger("MACI", 0),
				new TdfInteger("PORT", 3659),
			}),
			new TdfInteger("MACI", 1821351717),
		, false, true}),
	}),
	new TdfInteger("IGNO", 0),
	new TdfInteger("NRES", 0),
	new TdfInteger("NTOP", 133),
	new TdfList("PCAP", TdfBaseType.TDF_TYPE_INTEGER, new List<object>
	{
		6, 0, 0, 0
	}),
	new TdfString("PGID", ""),
	new TdfBlob("PGSC", 
	{
		
	}),
	new TdfInteger("PMAX", 0),
	new TdfInteger("PRES", 2),
	new TdfInteger("QCAP", 0),
	new TdfInteger("RGID", 0),
	new TdfStruct("RNFO", new List<Tdf>
	{
	}),
	new TdfInteger("SLOT", 0),
	new TdfList("TIDS", TdfBaseType.TDF_TYPE_INTEGER, new List<object>
	{
		65534
	}),
	new TdfInteger("TIDX", 0),
	new TdfInteger("VOIP", 1),
	new TdfString("VSTR", "591487325"),
};
byte[] buff = Blaze.CreatePacket((ushort)Blaze.Component.GAMEMANAGER, 0x19, 0, (ushort)Blaze.MessageType.MESSAGE, packet.MsgNum, Content);

