[SERVER PACKET] => ID[23], AuthenticationComponent::listUserEntitlements2 [0x0001::0x1D] TYPE: 0x1000
List<Tdf> Content = new List<Tdf>
{
	new TdfList("NLST", TdfBaseType.TDF_TYPE_STRUCT, new List<object>
	{
		new TdfStruct("", new List<Tdf>
		{
			new TdfString("DEVI", ""),
			new TdfString("GDAY", "2022-09-04T23:59Z"),
			new TdfString("GNAM", "NFS14PC"),
			new TdfInteger("ID", 1015724188765),
			new TdfInteger("ISCO", 0),
			new TdfInteger("PID", 0),
			new TdfString("PJID", "310116"),
			new TdfInteger("PRCA", 2),
			new TdfString("PRID", "Origin.OFR.50.0000437"),
			new TdfInteger("STAT", 1),
			new TdfInteger("STRC", 0),
			new TdfString("TAG", "NFS14_DLC_KOENIGSEGG"),
			new TdfString("TDAY", ""),
			new TdfInteger("TYPE", 5),
			new TdfInteger("UCNT", 0),
			new TdfInteger("VER", 0),
		}),
		new TdfStruct("", new List<Tdf>
		{
			new TdfString("DEVI", ""),
			new TdfString("GDAY", "2022-09-04T23:59Z"),
			new TdfString("GNAM", "NFS14PC"),
			new TdfInteger("ID", 1015723988765),
			new TdfInteger("ISCO", 0),
			new TdfInteger("PID", 0),
			new TdfString("PJID", "310116"),
			new TdfInteger("PRCA", 2),
			new TdfString("PRID", "Origin.OFR.50.0000418"),
			new TdfInteger("STAT", 1),
			new TdfInteger("STRC", 0),
			new TdfString("TAG", "NFS14_DLC_MOVIEPACK"),
			new TdfString("TDAY", ""),
			new TdfInteger("TYPE", 5),
			new TdfInteger("UCNT", 0),
			new TdfInteger("VER", 0),
		}),
		new TdfStruct("", new List<Tdf>
		{
			new TdfString("DEVI", ""),
			new TdfString("GDAY", "2022-09-04T23:59Z"),
			new TdfString("GNAM", "NFS14PC"),
			new TdfInteger("ID", 1015723788765),
			new TdfInteger("ISCO", 0),
			new TdfInteger("PID", 0),
			new TdfString("PJID", "309995"),
			new TdfInteger("PRCA", 2),
			new TdfString("PRID", "Origin.OFR.50.0000417"),
			new TdfInteger("STAT", 1),
			new TdfInteger("STRC", 0),
			new TdfString("TAG", "NFS14_DLC_JAGUAR"),
			new TdfString("TDAY", ""),
			new TdfInteger("TYPE", 5),
			new TdfInteger("UCNT", 0),
			new TdfInteger("VER", 0),
		}),
		new TdfStruct("", new List<Tdf>
		{
			new TdfString("DEVI", ""),
			new TdfString("GDAY", "2022-09-04T23:59Z"),
			new TdfString("GNAM", "NFS14PC"),
			new TdfInteger("ID", 1015723588765),
			new TdfInteger("ISCO", 0),
			new TdfInteger("PID", 0),
			new TdfString("PJID", "309997"),
			new TdfInteger("PRCA", 2),
			new TdfString("PRID", "Origin.OFR.50.0000415"),
			new TdfInteger("STAT", 1),
			new TdfInteger("STRC", 0),
			new TdfString("TAG", "NFS14_DLC_LAMBOPACK"),
			new TdfString("TDAY", ""),
			new TdfInteger("TYPE", 5),
			new TdfInteger("UCNT", 0),
			new TdfInteger("VER", 0),
		}),
		new TdfStruct("", new List<Tdf>
		{
			new TdfString("DEVI", ""),
			new TdfString("GDAY", "2022-09-04T23:59Z"),
			new TdfString("GNAM", "NFS14PC"),
			new TdfInteger("ID", 1015723388765),
			new TdfInteger("ISCO", 0),
			new TdfInteger("PID", 0),
			new TdfString("PJID", "309996"),
			new TdfInteger("PRCA", 2),
			new TdfString("PRID", "Origin.OFR.50.0000414"),
			new TdfInteger("STAT", 1),
			new TdfInteger("STRC", 0),
			new TdfString("TAG", "NFS14_DLC_FERRARI"),
			new TdfString("TDAY", ""),
			new TdfInteger("TYPE", 5),
			new TdfInteger("UCNT", 0),
			new TdfInteger("VER", 0),
		}),
		new TdfStruct("", new List<Tdf>
		{
			new TdfString("DEVI", ""),
			new TdfString("GDAY", "2022-09-04T23:59Z"),
			new TdfString("GNAM", "NFS14PC"),
			new TdfInteger("ID", 1015723188765),
			new TdfInteger("ISCO", 0),
			new TdfInteger("PID", 0),
			new TdfString("PJID", "309994"),
			new TdfInteger("PRCA", 2),
			new TdfString("PRID", "OFB-EAST:109551870"),
			new TdfInteger("STAT", 1),
			new TdfInteger("STRC", 0),
			new TdfString("TAG", "NFS14_PROMO_LIVERYDIGIREV"),
			new TdfString("TDAY", ""),
			new TdfInteger("TYPE", 5),
			new TdfInteger("UCNT", 0),
			new TdfInteger("VER", 0),
		}),
		new TdfStruct("", new List<Tdf>
		{
			new TdfString("DEVI", ""),
			new TdfString("GDAY", "2022-09-04T23:59Z"),
			new TdfString("GNAM", "NFS14PC"),
			new TdfInteger("ID", 1015722988765),
			new TdfInteger("ISCO", 0),
			new TdfInteger("PID", 0),
			new TdfString("PJID", "309994"),
			new TdfInteger("PRCA", 2),
			new TdfString("PRID", "OFB-EAST:109551869"),
			new TdfInteger("STAT", 1),
			new TdfInteger("STRC", 0),
			new TdfString("TAG", "NFS14_PROMO_LIVERYMUSCOM"),
			new TdfString("TDAY", ""),
			new TdfInteger("TYPE", 5),
			new TdfInteger("UCNT", 0),
			new TdfInteger("VER", 0),
		}),
		new TdfStruct("", new List<Tdf>
		{
			new TdfString("DEVI", ""),
			new TdfString("GDAY", "2022-09-04T23:59Z"),
			new TdfString("GNAM", "NFS14PC"),
			new TdfInteger("ID", 1015722788765),
			new TdfInteger("ISCO", 0),
			new TdfInteger("PID", 0),
			new TdfString("PJID", "309994"),
			new TdfInteger("PRCA", 2),
			new TdfString("PRID", "OFB-EAST:109551868"),
			new TdfInteger("STAT", 1),
			new TdfInteger("STRC", 0),
			new TdfString("TAG", "NFS14_PROMO_LIVERYTRAKDAY"),
			new TdfString("TDAY", ""),
			new TdfInteger("TYPE", 5),
			new TdfInteger("UCNT", 0),
			new TdfInteger("VER", 0),
		}),
		new TdfStruct("", new List<Tdf>
		{
			new TdfString("DEVI", ""),
			new TdfString("GDAY", "2022-09-04T23:59Z"),
			new TdfString("GNAM", "NFS14PC"),
			new TdfInteger("ID", 1015722588765),
			new TdfInteger("ISCO", 0),
			new TdfInteger("PID", 0),
			new TdfString("PJID", "309994"),
			new TdfInteger("PRCA", 2),
			new TdfString("PRID", "OFB-EAST:109551867"),
			new TdfInteger("STAT", 1),
			new TdfInteger("STRC", 0),
			new TdfString("TAG", "NFS14_PROMO_RACER"),
			new TdfString("TDAY", ""),
			new TdfInteger("TYPE", 5),
			new TdfInteger("UCNT", 0),
			new TdfInteger("VER", 0),
		}),
		new TdfStruct("", new List<Tdf>
		{
			new TdfString("DEVI", ""),
			new TdfString("GDAY", "2022-09-04T23:59Z"),
			new TdfString("GNAM", "NFS14PC"),
			new TdfInteger("ID", 1015722388765),
			new TdfInteger("ISCO", 0),
			new TdfInteger("PID", 0),
			new TdfString("PJID", "309994"),
			new TdfInteger("PRCA", 2),
			new TdfString("PRID", "OFB-EAST:109551866"),
			new TdfInteger("STAT", 1),
			new TdfInteger("STRC", 0),
			new TdfString("TAG", "NFS14_PROMO_LIVERYVPMATTE"),
			new TdfString("TDAY", ""),
			new TdfInteger("TYPE", 5),
			new TdfInteger("UCNT", 0),
			new TdfInteger("VER", 0),
		}),
		new TdfStruct("", new List<Tdf>
		{
			new TdfString("DEVI", ""),
			new TdfString("GDAY", "2022-09-04T23:59Z"),
			new TdfString("GNAM", "NFS14PC"),
			new TdfInteger("ID", 1015722188765),
			new TdfInteger("ISCO", 0),
			new TdfInteger("PID", 0),
			new TdfString("PJID", "309994"),
			new TdfInteger("PRCA", 2),
			new TdfString("PRID", "OFB-EAST:109550835"),
			new TdfInteger("STAT", 1),
			new TdfInteger("STRC", 0),
			new TdfString("TAG", "NFS14_PROMO_COP"),
			new TdfString("TDAY", ""),
			new TdfInteger("TYPE", 5),
			new TdfInteger("UCNT", 0),
			new TdfInteger("VER", 0),
		}),
		new TdfStruct("", new List<Tdf>
		{
			new TdfString("DEVI", ""),
			new TdfString("GDAY", "2022-09-04T23:59Z"),
			new TdfString("GNAM", "NFS14PC"),
			new TdfInteger("ID", 1015721988765),
			new TdfInteger("ISCO", 0),
			new TdfInteger("PID", 0),
			new TdfString("PJID", "309994"),
			new TdfInteger("PRCA", 2),
			new TdfString("PRID", "Origin.OFR.50.0000368"),
			new TdfInteger("STAT", 1),
			new TdfInteger("STRC", 0),
			new TdfString("TAG", "NFS14_LOADED_GARAGE"),
			new TdfString("TDAY", ""),
			new TdfInteger("TYPE", 5),
			new TdfInteger("UCNT", 0),
			new TdfInteger("VER", 0),
		}),
		new TdfStruct("", new List<Tdf>
		{
			new TdfString("DEVI", ""),
			new TdfString("GDAY", "2022-09-04T23:59Z"),
			new TdfString("GNAM", "NFS14PC"),
			new TdfInteger("ID", 1015721788765),
			new TdfInteger("ISCO", 0),
			new TdfInteger("PID", 0),
			new TdfString("PJID", "312706"),
			new TdfInteger("PRCA", 2),
			new TdfString("PRID", "Origin.OFR.50.0000687"),
			new TdfInteger("STAT", 1),
			new TdfInteger("STRC", 0),
			new TdfString("TAG", "NFS14_DLC_COMPLETE"),
			new TdfString("TDAY", ""),
			new TdfInteger("TYPE", 5),
			new TdfInteger("UCNT", 0),
			new TdfInteger("VER", 0),
		}),
		new TdfStruct("", new List<Tdf>
		{
			new TdfString("DEVI", ""),
			new TdfString("GDAY", "2022-09-04T23:59Z"),
			new TdfString("GNAM", "NFS14PC"),
			new TdfInteger("ID", 1015721588765),
			new TdfInteger("ISCO", 0),
			new TdfInteger("PID", 0),
			new TdfString("PJID", "312491"),
			new TdfInteger("PRCA", 2),
			new TdfString("PRID", "Origin.OFR.50.0000676"),
			new TdfInteger("STAT", 1),
			new TdfInteger("STRC", 0),
			new TdfString("TAG", "ONLINE_ACCESS"),
			new TdfString("TDAY", ""),
			new TdfInteger("TYPE", 1),
			new TdfInteger("UCNT", 0),
			new TdfInteger("VER", 0),
		}),
	}),
};
byte[] buff = Blaze.CreatePacket((ushort)Blaze.Component.AUTHENTICATION, 0x1D, 0, (ushort)Blaze.MessageType.REPLY, packet.MsgNum, Content);

[SERVER PACKET] => ID[24], AuthenticationComponent::listUserEntitlements2 [0x0001::0x1D] TYPE: 0x1000
List<Tdf> Content = new List<Tdf>
{
	new TdfList("NLST", TdfBaseType.TDF_TYPE_STRUCT, new List<object>
	{
		new TdfStruct("", new List<Tdf>
		{
			new TdfString("DEVI", ""),
			new TdfString("GDAY", "2021-02-07T18:26Z"),
			new TdfString("GNAM", "NFS13PC"),
			new TdfInteger("ID", 1013397888765),
			new TdfInteger("ISCO", 1),
			new TdfInteger("PID", 0),
			new TdfString("PJID", "305568"),
			new TdfInteger("PRCA", 2),
			new TdfString("PRID", "OFB-EAST:46851"),
			new TdfInteger("STAT", 2),
			new TdfInteger("STRC", 0),
			new TdfString("TAG", "ONLINE_ACCESS"),
			new TdfString("TDAY", ""),
			new TdfInteger("TYPE", 1),
			new TdfInteger("UCNT", 0),
			new TdfInteger("VER", 1),
		}),
		new TdfStruct("", new List<Tdf>
		{
			new TdfString("DEVI", ""),
			new TdfString("GDAY", "2016-02-11T19:37Z"),
			new TdfString("GNAM", "NFS13PC"),
			new TdfInteger("ID", 1008853188765),
			new TdfInteger("ISCO", 0),
			new TdfInteger("PID", 0),
			new TdfString("PJID", "305568"),
			new TdfInteger("PRCA", 2),
			new TdfString("PRID", "OFB-EAST:46851"),
			new TdfInteger("STAT", 1),
			new TdfInteger("STRC", 0),
			new TdfString("TAG", "ONLINE_ACCESS"),
			new TdfString("TDAY", ""),
			new TdfInteger("TYPE", 1),
			new TdfInteger("UCNT", 0),
			new TdfInteger("VER", 0),
		}),
	}),
};
byte[] buff = Blaze.CreatePacket((ushort)Blaze.Component.AUTHENTICATION, 0x1D, 0, (ushort)Blaze.MessageType.REPLY, packet.MsgNum, Content);

[SERVER PACKET] => ID[25], AuthenticationComponent::listUserEntitlements2 [0x0001::0x1D] TYPE: 0x1000
List<Tdf> Content = new List<Tdf>
{
	new TdfList("NLST", TdfBaseType.TDF_TYPE_STRUCT, new List<object>
	{
		new TdfStruct("", new List<Tdf>
		{
			new TdfString("DEVI", ""),
			new TdfString("GDAY", "2022-09-04T23:59Z"),
			new TdfString("GNAM", "NFS14PC"),
			new TdfInteger("ID", 1015724188765),
			new TdfInteger("ISCO", 0),
			new TdfInteger("PID", 0),
			new TdfString("PJID", "310116"),
			new TdfInteger("PRCA", 2),
			new TdfString("PRID", "Origin.OFR.50.0000437"),
			new TdfInteger("STAT", 1),
			new TdfInteger("STRC", 0),
			new TdfString("TAG", "NFS14_DLC_KOENIGSEGG"),
			new TdfString("TDAY", ""),
			new TdfInteger("TYPE", 5),
			new TdfInteger("UCNT", 0),
			new TdfInteger("VER", 0),
		}),
		new TdfStruct("", new List<Tdf>
		{
			new TdfString("DEVI", ""),
			new TdfString("GDAY", "2022-09-04T23:59Z"),
			new TdfString("GNAM", "NFS14PC"),
			new TdfInteger("ID", 1015723988765),
			new TdfInteger("ISCO", 0),
			new TdfInteger("PID", 0),
			new TdfString("PJID", "310116"),
			new TdfInteger("PRCA", 2),
			new TdfString("PRID", "Origin.OFR.50.0000418"),
			new TdfInteger("STAT", 1),
			new TdfInteger("STRC", 0),
			new TdfString("TAG", "NFS14_DLC_MOVIEPACK"),
			new TdfString("TDAY", ""),
			new TdfInteger("TYPE", 5),
			new TdfInteger("UCNT", 0),
			new TdfInteger("VER", 0),
		}),
		new TdfStruct("", new List<Tdf>
		{
			new TdfString("DEVI", ""),
			new TdfString("GDAY", "2022-09-04T23:59Z"),
			new TdfString("GNAM", "NFS14PC"),
			new TdfInteger("ID", 1015723788765),
			new TdfInteger("ISCO", 0),
			new TdfInteger("PID", 0),
			new TdfString("PJID", "309995"),
			new TdfInteger("PRCA", 2),
			new TdfString("PRID", "Origin.OFR.50.0000417"),
			new TdfInteger("STAT", 1),
			new TdfInteger("STRC", 0),
			new TdfString("TAG", "NFS14_DLC_JAGUAR"),
			new TdfString("TDAY", ""),
			new TdfInteger("TYPE", 5),
			new TdfInteger("UCNT", 0),
			new TdfInteger("VER", 0),
		}),
		new TdfStruct("", new List<Tdf>
		{
			new TdfString("DEVI", ""),
			new TdfString("GDAY", "2022-09-04T23:59Z"),
			new TdfString("GNAM", "NFS14PC"),
			new TdfInteger("ID", 1015723588765),
			new TdfInteger("ISCO", 0),
			new TdfInteger("PID", 0),
			new TdfString("PJID", "309997"),
			new TdfInteger("PRCA", 2),
			new TdfString("PRID", "Origin.OFR.50.0000415"),
			new TdfInteger("STAT", 1),
			new TdfInteger("STRC", 0),
			new TdfString("TAG", "NFS14_DLC_LAMBOPACK"),
			new TdfString("TDAY", ""),
			new TdfInteger("TYPE", 5),
			new TdfInteger("UCNT", 0),
			new TdfInteger("VER", 0),
		}),
		new TdfStruct("", new List<Tdf>
		{
			new TdfString("DEVI", ""),
			new TdfString("GDAY", "2022-09-04T23:59Z"),
			new TdfString("GNAM", "NFS14PC"),
			new TdfInteger("ID", 1015723388765),
			new TdfInteger("ISCO", 0),
			new TdfInteger("PID", 0),
			new TdfString("PJID", "309996"),
			new TdfInteger("PRCA", 2),
			new TdfString("PRID", "Origin.OFR.50.0000414"),
			new TdfInteger("STAT", 1),
			new TdfInteger("STRC", 0),
			new TdfString("TAG", "NFS14_DLC_FERRARI"),
			new TdfString("TDAY", ""),
			new TdfInteger("TYPE", 5),
			new TdfInteger("UCNT", 0),
			new TdfInteger("VER", 0),
		}),
		new TdfStruct("", new List<Tdf>
		{
			new TdfString("DEVI", ""),
			new TdfString("GDAY", "2022-09-04T23:59Z"),
			new TdfString("GNAM", "NFS14PC"),
			new TdfInteger("ID", 1015723188765),
			new TdfInteger("ISCO", 0),
			new TdfInteger("PID", 0),
			new TdfString("PJID", "309994"),
			new TdfInteger("PRCA", 2),
			new TdfString("PRID", "OFB-EAST:109551870"),
			new TdfInteger("STAT", 1),
			new TdfInteger("STRC", 0),
			new TdfString("TAG", "NFS14_PROMO_LIVERYDIGIREV"),
			new TdfString("TDAY", ""),
			new TdfInteger("TYPE", 5),
			new TdfInteger("UCNT", 0),
			new TdfInteger("VER", 0),
		}),
		new TdfStruct("", new List<Tdf>
		{
			new TdfString("DEVI", ""),
			new TdfString("GDAY", "2022-09-04T23:59Z"),
			new TdfString("GNAM", "NFS14PC"),
			new TdfInteger("ID", 1015722988765),
			new TdfInteger("ISCO", 0),
			new TdfInteger("PID", 0),
			new TdfString("PJID", "309994"),
			new TdfInteger("PRCA", 2),
			new TdfString("PRID", "OFB-EAST:109551869"),
			new TdfInteger("STAT", 1),
			new TdfInteger("STRC", 0),
			new TdfString("TAG", "NFS14_PROMO_LIVERYMUSCOM"),
			new TdfString("TDAY", ""),
			new TdfInteger("TYPE", 5),
			new TdfInteger("UCNT", 0),
			new TdfInteger("VER", 0),
		}),
		new TdfStruct("", new List<Tdf>
		{
			new TdfString("DEVI", ""),
			new TdfString("GDAY", "2022-09-04T23:59Z"),
			new TdfString("GNAM", "NFS14PC"),
			new TdfInteger("ID", 1015722788765),
			new TdfInteger("ISCO", 0),
			new TdfInteger("PID", 0),
			new TdfString("PJID", "309994"),
			new TdfInteger("PRCA", 2),
			new TdfString("PRID", "OFB-EAST:109551868"),
			new TdfInteger("STAT", 1),
			new TdfInteger("STRC", 0),
			new TdfString("TAG", "NFS14_PROMO_LIVERYTRAKDAY"),
			new TdfString("TDAY", ""),
			new TdfInteger("TYPE", 5),
			new TdfInteger("UCNT", 0),
			new TdfInteger("VER", 0),
		}),
		new TdfStruct("", new List<Tdf>
		{
			new TdfString("DEVI", ""),
			new TdfString("GDAY", "2022-09-04T23:59Z"),
			new TdfString("GNAM", "NFS14PC"),
			new TdfInteger("ID", 1015722588765),
			new TdfInteger("ISCO", 0),
			new TdfInteger("PID", 0),
			new TdfString("PJID", "309994"),
			new TdfInteger("PRCA", 2),
			new TdfString("PRID", "OFB-EAST:109551867"),
			new TdfInteger("STAT", 1),
			new TdfInteger("STRC", 0),
			new TdfString("TAG", "NFS14_PROMO_RACER"),
			new TdfString("TDAY", ""),
			new TdfInteger("TYPE", 5),
			new TdfInteger("UCNT", 0),
			new TdfInteger("VER", 0),
		}),
		new TdfStruct("", new List<Tdf>
		{
			new TdfString("DEVI", ""),
			new TdfString("GDAY", "2022-09-04T23:59Z"),
			new TdfString("GNAM", "NFS14PC"),
			new TdfInteger("ID", 1015722388765),
			new TdfInteger("ISCO", 0),
			new TdfInteger("PID", 0),
			new TdfString("PJID", "309994"),
			new TdfInteger("PRCA", 2),
			new TdfString("PRID", "OFB-EAST:109551866"),
			new TdfInteger("STAT", 1),
			new TdfInteger("STRC", 0),
			new TdfString("TAG", "NFS14_PROMO_LIVERYVPMATTE"),
			new TdfString("TDAY", ""),
			new TdfInteger("TYPE", 5),
			new TdfInteger("UCNT", 0),
			new TdfInteger("VER", 0),
		}),
		new TdfStruct("", new List<Tdf>
		{
			new TdfString("DEVI", ""),
			new TdfString("GDAY", "2022-09-04T23:59Z"),
			new TdfString("GNAM", "NFS14PC"),
			new TdfInteger("ID", 1015722188765),
			new TdfInteger("ISCO", 0),
			new TdfInteger("PID", 0),
			new TdfString("PJID", "309994"),
			new TdfInteger("PRCA", 2),
			new TdfString("PRID", "OFB-EAST:109550835"),
			new TdfInteger("STAT", 1),
			new TdfInteger("STRC", 0),
			new TdfString("TAG", "NFS14_PROMO_COP"),
			new TdfString("TDAY", ""),
			new TdfInteger("TYPE", 5),
			new TdfInteger("UCNT", 0),
			new TdfInteger("VER", 0),
		}),
		new TdfStruct("", new List<Tdf>
		{
			new TdfString("DEVI", ""),
			new TdfString("GDAY", "2022-09-04T23:59Z"),
			new TdfString("GNAM", "NFS14PC"),
			new TdfInteger("ID", 1015721988765),
			new TdfInteger("ISCO", 0),
			new TdfInteger("PID", 0),
			new TdfString("PJID", "309994"),
			new TdfInteger("PRCA", 2),
			new TdfString("PRID", "Origin.OFR.50.0000368"),
			new TdfInteger("STAT", 1),
			new TdfInteger("STRC", 0),
			new TdfString("TAG", "NFS14_LOADED_GARAGE"),
			new TdfString("TDAY", ""),
			new TdfInteger("TYPE", 5),
			new TdfInteger("UCNT", 0),
			new TdfInteger("VER", 0),
		}),
		new TdfStruct("", new List<Tdf>
		{
			new TdfString("DEVI", ""),
			new TdfString("GDAY", "2022-09-04T23:59Z"),
			new TdfString("GNAM", "NFS14PC"),
			new TdfInteger("ID", 1015721788765),
			new TdfInteger("ISCO", 0),
			new TdfInteger("PID", 0),
			new TdfString("PJID", "312706"),
			new TdfInteger("PRCA", 2),
			new TdfString("PRID", "Origin.OFR.50.0000687"),
			new TdfInteger("STAT", 1),
			new TdfInteger("STRC", 0),
			new TdfString("TAG", "NFS14_DLC_COMPLETE"),
			new TdfString("TDAY", ""),
			new TdfInteger("TYPE", 5),
			new TdfInteger("UCNT", 0),
			new TdfInteger("VER", 0),
		}),
		new TdfStruct("", new List<Tdf>
		{
			new TdfString("DEVI", ""),
			new TdfString("GDAY", "2022-09-04T23:59Z"),
			new TdfString("GNAM", "NFS14PC"),
			new TdfInteger("ID", 1015721588765),
			new TdfInteger("ISCO", 0),
			new TdfInteger("PID", 0),
			new TdfString("PJID", "312491"),
			new TdfInteger("PRCA", 2),
			new TdfString("PRID", "Origin.OFR.50.0000676"),
			new TdfInteger("STAT", 1),
			new TdfInteger("STRC", 0),
			new TdfString("TAG", "ONLINE_ACCESS"),
			new TdfString("TDAY", ""),
			new TdfInteger("TYPE", 1),
			new TdfInteger("UCNT", 0),
			new TdfInteger("VER", 0),
		}),
	}),
};
byte[] buff = Blaze.CreatePacket((ushort)Blaze.Component.AUTHENTICATION, 0x1D, 0, (ushort)Blaze.MessageType.REPLY, packet.MsgNum, Content);

[SERVER PACKET] => ID[26], PackComponent::Unknown [0x0802::0x27] TYPE: 0x1000
List<Tdf> Content = new List<Tdf>
{
	new TdfString("SPGN", ""),
	new TdfInteger("SPGT", 0),
	new TdfString("SPLA", ""),
};
byte[] buff = Blaze.CreatePacket((ushort)Blaze.Component.PACKS, 0x27, 0, (ushort)Blaze.MessageType.REPLY, packet.MsgNum, Content);

[SERVER PACKET] => ID[27], PackComponent::Unknown [0x0802::0x2F] TYPE: 0x1000
List<Tdf> Content = new List<Tdf>
{
	new TdfInteger("DSOO", 50000),
	new TdfInteger("DSPF", 2),
	new TdfList("LVLI", TdfBaseType.TDF_TYPE_INTEGER, new List<object>
	{
		1, 2, 3, 4, 5, 6, 7, 8, 9, 10, 11, 12, 13, 14, 15, 16, 17, 18, 19, 20, 21, 22, 23, 24, 25, 26, 27, 28, 29, 30, 31, 32, 33, 34, 35, 36, 37, 38, 39, 40, 41, 42, 43, 44, 45, 46, 47, 48, 49, 50
	}),
	new TdfList("LVLS", TdfBaseType.TDF_TYPE_INTEGER, new List<object>
	{
		0, 100, 207, 327, 462, 610, 772, 948, 1139, 1342, 1560, 1792, 2038, 2297, 2571, 2858, 3159, 3474, 3803, 4146, 4503, 4873, 5258, 5656, 6068, 6494, 6935, 7388, 7856, 8338, 8834, 9343, 9867, 10404, 10955, 11520, 12099, 12692, 13299, 13919, 14554, 15202, 15864, 16540, 17231, 17934, 18652, 19384, 20130, 20889
	}),
};
byte[] buff = Blaze.CreatePacket((ushort)Blaze.Component.PACKS, 0x2F, 0, (ushort)Blaze.MessageType.REPLY, packet.MsgNum, Content);

[SERVER PACKET] => ID[28], GameManagerComponent::advanceGameState [0x0004::0x3] TYPE: 0x1000
List<Tdf> Content = new List<Tdf>
{
};
byte[] buff = Blaze.CreatePacket((ushort)Blaze.Component.GAMEMANAGER, 0x3, 0, (ushort)Blaze.MessageType.REPLY, packet.MsgNum, Content);

[SERVER PACKET] => ID[0], GameManagerComponent::getGameListSnapshot [0x0004::0x64] TYPE: 0x2000
List<Tdf> Content = new List<Tdf>
{
	new TdfInteger("GID", 18014398510029368),
	new TdfInteger("GSTA", 131),
};
byte[] buff = Blaze.CreatePacket((ushort)Blaze.Component.GAMEMANAGER, 0x64, 0, (ushort)Blaze.MessageType.NOTIFICATION, packet.MsgNum, Content);

