[CLIENT PACKET] => ID[166], GameReportingComponent::submitOfflineGameReport [0x001C::0x2] TYPE: 0x0000
List<Tdf> Content = new List<Tdf>
{
	new TdfInteger("FNSH", 0),
	new TdfIntegerList("PRVT", new List<ulong>
	{
	}),
	new TdfStruct("RPRT", new List<Tdf>
	{
		new TdfIntegerList("GAME", new List<ulong>
		{
			4091743785
		}),
		new TdfStruct("GAME", new List<Tdf>
		{
			new TdfMap("PLYR", TdfBaseType.TDF_TYPE_INTEGER, TdfBaseType.TDF_TYPE_STRUCT, new Dictionary<object, object>
			{
				{ 234139865,  new TdfStruct("", new List<Tdf> {
					new TdfInteger("ENTI", 0),
					new TdfMap("STAF", TdfBaseType.TDF_TYPE_STRING, TdfBaseType.TDF_TYPE_FLOAT, new Dictionary<object, object>
					{
						{ "Cop_CurrentShotlistElapsedTime", 0},
					}),
					new TdfMap("STAI", TdfBaseType.TDF_TYPE_STRING, TdfBaseType.TDF_TYPE_INTEGER, new Dictionary<object, object>
					{
						{ "Cop_Completed_Objective_1", 0 },
						{ "Cop_Completed_Objective_2", 0 },
						{ "Cop_Completed_Objective_3", 0 },
						{ "Cop_Completed_Objective_4", 0 },
						{ "Cop_Completed_Objective_5", 0 },
						{ "Cop_CurrentShotlistSet", 0 },
						{ "Cop_CurrentShotlistTheme", 0 },
						{ "Cop_FirstSlThemeComp_1", 0 },
						{ "Cop_FirstSlThemeComp_10", 0 },
						{ "Cop_FirstSlThemeComp_11", 0 },
						{ "Cop_FirstSlThemeComp_12", 0 },
						{ "Cop_FirstSlThemeComp_13", 0 },
						{ "Cop_FirstSlThemeComp_14", 0 },
						{ "Cop_FirstSlThemeComp_15", 0 },
						{ "Cop_FirstSlThemeComp_16", 0 },
						{ "Cop_FirstSlThemeComp_17", 0 },
						{ "Cop_FirstSlThemeComp_18", 0 },
						{ "Cop_FirstSlThemeComp_19", 0 },
						{ "Cop_FirstSlThemeComp_2", 0 },
						{ "Cop_FirstSlThemeComp_20", 0 },
						{ "Cop_FirstSlThemeComp_3", 0 },
						{ "Cop_FirstSlThemeComp_4", 0 },
						{ "Cop_FirstSlThemeComp_5", 0 },
						{ "Cop_FirstSlThemeComp_6", 0 },
						{ "Cop_FirstSlThemeComp_7", 0 },
						{ "Cop_FirstSlThemeComp_8", 0 },
						{ "Cop_FirstSlThemeComp_9", 0 },
						{ "Cop_InPostProgression", 0 },
						{ "Cop_NeedsThemeSet", 1 },
						{ "Cop_SelectedVehicleNoRestrictions", 0 },
						{ "Cop_Shotlist_1", 0 },
						{ "Cop_Shotlist_10", 0 },
						{ "Cop_Shotlist_11", 0 },
						{ "Cop_Shotlist_12", 0 },
						{ "Cop_Shotlist_13", 0 },
						{ "Cop_Shotlist_14", 0 },
						{ "Cop_Shotlist_15", 0 },
						{ "Cop_Shotlist_16", 0 },
						{ "Cop_Shotlist_17", 0 },
						{ "Cop_Shotlist_18", 0 },
						{ "Cop_Shotlist_19", 0 },
						{ "Cop_Shotlist_2", 0 },
						{ "Cop_Shotlist_20", 0 },
						{ "Cop_Shotlist_3", 0 },
						{ "Cop_Shotlist_4", 0 },
						{ "Cop_Shotlist_5", 0 },
						{ "Cop_Shotlist_6", 0 },
						{ "Cop_Shotlist_7", 0 },
						{ "Cop_Shotlist_8", 0 },
						{ "Cop_Shotlist_9", 0 },
					}),
				})},
			}),
		}),
	}),
	new TdfInteger("GRID", 0),
	new TdfString("GTYP", "CopProgression28c843d4"),
};
byte[] buff = Blaze.CreatePacket((ushort)Blaze.Component.GAMEREPORTING, 0x2, 0, (ushort)Blaze.MessageType.MESSAGE, packet.MsgNum, Content);

