[SERVER PACKET] => ID[170], PackComponent::Unknown [0x0802::0x14] TYPE: 0x1000
List<Tdf> Content = new List<Tdf>
{
	new TdfList("SPWA", TdfBaseType.TDF_TYPE_STRUCT, new List<object>
	{
		new TdfStruct("", new List<Tdf>
		{
			new TdfInteger("SWID", 2423099765),
		}),
	}),
};
byte[] buff = Blaze.CreatePacket((ushort)Blaze.Component.PACKS, 0x14, 0, (ushort)Blaze.MessageType.REPLY, packet.MsgNum, Content);

[SERVER PACKET] => ID[171], PackComponent::Unknown [0x0802::0x14] TYPE: 0x1000
List<Tdf> Content = new List<Tdf>
{
	new TdfList("SPWA", TdfBaseType.TDF_TYPE_STRUCT, new List<object>
	{
		new TdfStruct("", new List<Tdf>
		{
			new TdfInteger("SWID", 3704503811),
		}),
	}),
};
byte[] buff = Blaze.CreatePacket((ushort)Blaze.Component.PACKS, 0x14, 0, (ushort)Blaze.MessageType.REPLY, packet.MsgNum, Content);

[SERVER PACKET] => ID[172], PackComponent::Unknown [0x0802::0x14] TYPE: 0x1000
List<Tdf> Content = new List<Tdf>
{
	new TdfList("SPWA", TdfBaseType.TDF_TYPE_STRUCT, new List<object>
	{
		new TdfStruct("", new List<Tdf>
		{
			new TdfInteger("SWID", 3704503810),
		}),
	}),
};
byte[] buff = Blaze.CreatePacket((ushort)Blaze.Component.PACKS, 0x14, 0, (ushort)Blaze.MessageType.REPLY, packet.MsgNum, Content);

[SERVER PACKET] => ID[173], PackComponent::Unknown [0x0802::0x14] TYPE: 0x1000
List<Tdf> Content = new List<Tdf>
{
	new TdfList("SPWA", TdfBaseType.TDF_TYPE_STRUCT, new List<object>
	{
		new TdfStruct("", new List<Tdf>
		{
			new TdfList("ROWS", TdfBaseType.TDF_TYPE_STRUCT, new List<object>
			{
				new TdfStruct("", new List<Tdf>
				{
					new TdfStruct("BLUS", new List<Tdf>
					{
						new TdfInteger("BLIS", 356908984),
						new TdfString("PENA", "Mustafa_Dev007"),
						new TdfInteger("URTY", 2),
					}),
					new TdfMap("STAF", TdfBaseType.TDF_TYPE_STRING, TdfBaseType.TDF_TYPE_FLOAT, new Dictionary<object, object>
					{
						{ "AverageSpeed", 43.2758},
					}),
					new TdfMap("STAI", TdfBaseType.TDF_TYPE_STRING, TdfBaseType.TDF_TYPE_INTEGER, new Dictionary<object, object>
					{
						{ "vehicleUsed", 1127632688 },
					}),
				}),
				new TdfStruct("", new List<Tdf>
				{
					new TdfStruct("BLUS", new List<Tdf>
					{
						new TdfInteger("BLIS", 234139865),
						new TdfString("PENA", "Sinnerx9"),
						new TdfInteger("URTY", 1),
					}),
					new TdfMap("STAF", TdfBaseType.TDF_TYPE_STRING, TdfBaseType.TDF_TYPE_FLOAT, new Dictionary<object, object>
					{
						{ "AverageSpeed", 41.2552},
					}),
					new TdfMap("STAI", TdfBaseType.TDF_TYPE_STRING, TdfBaseType.TDF_TYPE_INTEGER, new Dictionary<object, object>
					{
						{ "vehicleUsed", 1100711545 },
					}),
				}),
			}),
			new TdfInteger("SWID", 1527021223),
		}),
	}),
};
byte[] buff = Blaze.CreatePacket((ushort)Blaze.Component.PACKS, 0x14, 0, (ushort)Blaze.MessageType.REPLY, packet.MsgNum, Content);

[SERVER PACKET] => ID[174], PackComponent::Unknown [0x0802::0x14] TYPE: 0x1000
List<Tdf> Content = new List<Tdf>
{
	new TdfList("SPWA", TdfBaseType.TDF_TYPE_STRUCT, new List<object>
	{
		new TdfStruct("", new List<Tdf>
		{
			new TdfList("ROWS", TdfBaseType.TDF_TYPE_STRUCT, new List<object>
			{
				new TdfStruct("", new List<Tdf>
				{
					new TdfStruct("BLUS", new List<Tdf>
					{
						new TdfInteger("BLIS", 356908984),
						new TdfString("PENA", "Mustafa_Dev007"),
						new TdfInteger("URTY", 2),
					}),
					new TdfMap("STAF", TdfBaseType.TDF_TYPE_STRING, TdfBaseType.TDF_TYPE_FLOAT, new Dictionary<object, object>
					{
						{ "AverageSpeed", 43.2758},
					}),
					new TdfMap("STAI", TdfBaseType.TDF_TYPE_STRING, TdfBaseType.TDF_TYPE_INTEGER, new Dictionary<object, object>
					{
						{ "vehicleUsed", 1127632688 },
					}),
				}),
				new TdfStruct("", new List<Tdf>
				{
					new TdfStruct("BLUS", new List<Tdf>
					{
						new TdfInteger("BLIS", 234139865),
						new TdfString("PENA", "Sinnerx9"),
						new TdfInteger("URTY", 1),
					}),
					new TdfMap("STAF", TdfBaseType.TDF_TYPE_STRING, TdfBaseType.TDF_TYPE_FLOAT, new Dictionary<object, object>
					{
						{ "AverageSpeed", 41.2552},
					}),
					new TdfMap("STAI", TdfBaseType.TDF_TYPE_STRING, TdfBaseType.TDF_TYPE_INTEGER, new Dictionary<object, object>
					{
						{ "vehicleUsed", 1100711545 },
					}),
				}),
			}),
			new TdfInteger("SWID", 1527021223),
		}),
	}),
};
byte[] buff = Blaze.CreatePacket((ushort)Blaze.Component.PACKS, 0x14, 0, (ushort)Blaze.MessageType.REPLY, packet.MsgNum, Content);

[SERVER PACKET] => ID[175], PackComponent::Unknown [0x0802::0x14] TYPE: 0x1000
List<Tdf> Content = new List<Tdf>
{
	new TdfList("SPWA", TdfBaseType.TDF_TYPE_STRUCT, new List<object>
	{
		new TdfStruct("", new List<Tdf>
		{
			new TdfInteger("SWID", 3704503811),
		}),
	}),
};
byte[] buff = Blaze.CreatePacket((ushort)Blaze.Component.PACKS, 0x14, 0, (ushort)Blaze.MessageType.REPLY, packet.MsgNum, Content);

[SERVER PACKET] => ID[176], PackComponent::Unknown [0x0802::0x14] TYPE: 0x1000
List<Tdf> Content = new List<Tdf>
{
	new TdfList("SPWA", TdfBaseType.TDF_TYPE_STRUCT, new List<object>
	{
		new TdfStruct("", new List<Tdf>
		{
			new TdfInteger("SWID", 3704503810),
		}),
	}),
};
byte[] buff = Blaze.CreatePacket((ushort)Blaze.Component.PACKS, 0x14, 0, (ushort)Blaze.MessageType.REPLY, packet.MsgNum, Content);

[SERVER PACKET] => ID[177], PackComponent::Unknown [0x0802::0x14] TYPE: 0x1000
List<Tdf> Content = new List<Tdf>
{
	new TdfList("SPWA", TdfBaseType.TDF_TYPE_STRUCT, new List<object>
	{
		new TdfStruct("", new List<Tdf>
		{
			new TdfList("ROWS", TdfBaseType.TDF_TYPE_STRUCT, new List<object>
			{
				new TdfStruct("", new List<Tdf>
				{
					new TdfStruct("BLUS", new List<Tdf>
					{
						new TdfInteger("BLIS", 356908984),
						new TdfString("PENA", "Mustafa_Dev007"),
						new TdfInteger("URTY", 2),
					}),
					new TdfMap("STAF", TdfBaseType.TDF_TYPE_STRING, TdfBaseType.TDF_TYPE_FLOAT, new Dictionary<object, object>
					{
						{ "AverageSpeed", 43.2758},
					}),
					new TdfMap("STAI", TdfBaseType.TDF_TYPE_STRING, TdfBaseType.TDF_TYPE_INTEGER, new Dictionary<object, object>
					{
						{ "vehicleUsed", 1127632688 },
					}),
				}),
				new TdfStruct("", new List<Tdf>
				{
					new TdfStruct("BLUS", new List<Tdf>
					{
						new TdfInteger("BLIS", 234139865),
						new TdfString("PENA", "Sinnerx9"),
						new TdfInteger("URTY", 1),
					}),
					new TdfMap("STAF", TdfBaseType.TDF_TYPE_STRING, TdfBaseType.TDF_TYPE_FLOAT, new Dictionary<object, object>
					{
						{ "AverageSpeed", 41.2552},
					}),
					new TdfMap("STAI", TdfBaseType.TDF_TYPE_STRING, TdfBaseType.TDF_TYPE_INTEGER, new Dictionary<object, object>
					{
						{ "vehicleUsed", 1100711545 },
					}),
				}),
			}),
			new TdfInteger("SWID", 1527021223),
		}),
	}),
};
byte[] buff = Blaze.CreatePacket((ushort)Blaze.Component.PACKS, 0x14, 0, (ushort)Blaze.MessageType.REPLY, packet.MsgNum, Content);

[SERVER PACKET] => ID[178], PackComponent::Unknown [0x0802::0x14] TYPE: 0x1000
List<Tdf> Content = new List<Tdf>
{
	new TdfList("SPWA", TdfBaseType.TDF_TYPE_STRUCT, new List<object>
	{
		new TdfStruct("", new List<Tdf>
		{
			new TdfList("ROWS", TdfBaseType.TDF_TYPE_STRUCT, new List<object>
			{
				new TdfStruct("", new List<Tdf>
				{
					new TdfStruct("BLUS", new List<Tdf>
					{
						new TdfInteger("BLIS", 356908984),
						new TdfString("PENA", "Mustafa_Dev007"),
						new TdfInteger("URTY", 2),
					}),
					new TdfMap("STAF", TdfBaseType.TDF_TYPE_STRING, TdfBaseType.TDF_TYPE_FLOAT, new Dictionary<object, object>
					{
						{ "AverageSpeed", 43.2758},
					}),
					new TdfMap("STAI", TdfBaseType.TDF_TYPE_STRING, TdfBaseType.TDF_TYPE_INTEGER, new Dictionary<object, object>
					{
						{ "vehicleUsed", 1127632688 },
					}),
				}),
				new TdfStruct("", new List<Tdf>
				{
					new TdfStruct("BLUS", new List<Tdf>
					{
						new TdfInteger("BLIS", 234139865),
						new TdfString("PENA", "Sinnerx9"),
						new TdfInteger("URTY", 1),
					}),
					new TdfMap("STAF", TdfBaseType.TDF_TYPE_STRING, TdfBaseType.TDF_TYPE_FLOAT, new Dictionary<object, object>
					{
						{ "AverageSpeed", 41.2552},
					}),
					new TdfMap("STAI", TdfBaseType.TDF_TYPE_STRING, TdfBaseType.TDF_TYPE_INTEGER, new Dictionary<object, object>
					{
						{ "vehicleUsed", 1100711545 },
					}),
				}),
			}),
			new TdfInteger("SWID", 1527021223),
		}),
	}),
};
byte[] buff = Blaze.CreatePacket((ushort)Blaze.Component.PACKS, 0x14, 0, (ushort)Blaze.MessageType.REPLY, packet.MsgNum, Content);

[SERVER PACKET] => ID[179], PackComponent::Unknown [0x0802::0x14] TYPE: 0x1000
List<Tdf> Content = new List<Tdf>
{
	new TdfList("SPWA", TdfBaseType.TDF_TYPE_STRUCT, new List<object>
	{
		new TdfStruct("", new List<Tdf>
		{
			new TdfInteger("SWID", 2329405573),
		}),
	}),
};
byte[] buff = Blaze.CreatePacket((ushort)Blaze.Component.PACKS, 0x14, 0, (ushort)Blaze.MessageType.REPLY, packet.MsgNum, Content);

[SERVER PACKET] => ID[180], GameReportingComponent::submitOfflineGameReport [0x001C::0x2] TYPE: 0x1000
List<Tdf> Content = new List<Tdf>
{
};
byte[] buff = Blaze.CreatePacket((ushort)Blaze.Component.GAMEREPORTING, 0x2, 0, (ushort)Blaze.MessageType.REPLY, packet.MsgNum, Content);

[SERVER PACKET] => ID[0], GameReportingComponent::Unknown [0x001C::0x72] TYPE: 0x2000
List<Tdf> Content = new List<Tdf>
{
	new TdfIntegerList("DATA", new List<ulong>
	{
	}),
	new TdfInteger("EROR", 0),
	new TdfInteger("FNL", 0),
	new TdfInteger("GHID", 18014401845510274),
	new TdfInteger("GRID", 18014401845510274),
};
byte[] buff = Blaze.CreatePacket((ushort)Blaze.Component.GAMEREPORTING, 0x72, 0, (ushort)Blaze.MessageType.NOTIFICATION, packet.MsgNum, Content);

