[CLIENT PACKET] => ID[181], GameReportingComponent::submitOfflineGameReport [0x001C::0x2] TYPE: 0x0000
List<Tdf> Content = new List<Tdf>
{
	new TdfInteger("FNSH", 0),
	new TdfIntegerList("PRVT", new List<ulong>
	{
	}),
	new TdfStruct("RPRT", new List<Tdf>
	{
		new TdfIntegerList("GAME", new List<ulong>
		{
			4091743785
		}),
		new TdfStruct("GAME", new List<Tdf>
		{
			new TdfMap("PLYR", TdfBaseType.TDF_TYPE_INTEGER, TdfBaseType.TDF_TYPE_STRUCT, new Dictionary<object, object>
			{
				{ 234139865,  new TdfStruct("", new List<Tdf> {
					new TdfInteger("ENTI", 0),
					new TdfMap("STAI", TdfBaseType.TDF_TYPE_STRING, TdfBaseType.TDF_TYPE_INTEGER, new Dictionary<object, object>
					{
						{ "OWChallenge01", 0 },
						{ "OWChallenge02", 0 },
						{ "OWChallenge03", 0 },
						{ "OWChallenge04", 0 },
						{ "OWChallenge05", 0 },
						{ "OWChallenge06", 0 },
						{ "OWChallenge07", 0 },
						{ "OWChallenge08", 0 },
						{ "OWChallenge09", 0 },
						{ "OWChallenge10", 0 },
						{ "OWChallenge11", 0 },
						{ "OWChallenge12", 0 },
						{ "OWChallenge13", 0 },
						{ "OWChallenge14", 0 },
						{ "OWChallenge15", 0 },
						{ "OWChallenge16", 0 },
						{ "OWChallenge17", 0 },
					}),
				})},
			}),
		}),
	}),
	new TdfInteger("GRID", 0),
	new TdfString("GTYP", "OWChallengesb4855da3"),
};
byte[] buff = Blaze.CreatePacket((ushort)Blaze.Component.GAMEREPORTING, 0x2, 0, (ushort)Blaze.MessageType.MESSAGE, packet.MsgNum, Content);

