[CLIENT PACKET] => ID[182], GameReportingComponent::submitOfflineGameReport [0x001C::0x2] TYPE: 0x0000
List<Tdf> Content = new List<Tdf>
{
	new TdfInteger("FNSH", 0),
	new TdfIntegerList("PRVT", new List<ulong>
	{
	}),
	new TdfStruct("RPRT", new List<Tdf>
	{
		new TdfIntegerList("GAME", new List<ulong>
		{
			4091743785
		}),
		new TdfStruct("GAME", new List<Tdf>
		{
			new TdfMap("PLYR", TdfBaseType.TDF_TYPE_INTEGER, TdfBaseType.TDF_TYPE_STRUCT, new Dictionary<object, object>
			{
				{ 234139865,  new TdfStruct("", new List<Tdf> {
					new TdfInteger("ENTI", 0),
					new TdfMap("STAF", TdfBaseType.TDF_TYPE_STRING, TdfBaseType.TDF_TYPE_FLOAT, new Dictionary<object, object>
					{
						{ "OverwatchDistance", 0},
					}),
					new TdfMap("STAI", TdfBaseType.TDF_TYPE_STRING, TdfBaseType.TDF_TYPE_INTEGER, new Dictionary<object, object>
					{
						{ "OverwatchOptOut", 0 },
						{ "OverwatchSp", 0 },
						{ "OverwatchUnlocked", 0 },
					}),
				})},
			}),
		}),
	}),
	new TdfInteger("GRID", 0),
	new TdfString("GTYP", "OverwatchStats7c64b8d5"),
};
byte[] buff = Blaze.CreatePacket((ushort)Blaze.Component.GAMEREPORTING, 0x2, 0, (ushort)Blaze.MessageType.MESSAGE, packet.MsgNum, Content);

