[CLIENT PACKET] => ID[182], GameReportingComponent::submitOfflineGameReport [0x001C::0x2] TYPE: 0x0000
{
	[FNSH]:TdfInteger = 0 (0x0)
	[PRVT]:TdfIntegerList = 
	{
	}
	[RPRT]:TdfStruct = 
	{
		[GAME]:TdfIntegerList = 
		{
			4091743785		}
		[GAME]:TdfStruct = 
		{
			[PLYR]:TdfMap = 
			{
				(234139865 (0xDF4B0D9),  [0]:TdfStruct{
					[ENTI]:TdfInteger = 0 (0x0)
					[STAF]:TdfMap = 
					{
						("OverwatchDistance", 0)
					}
					[STAI]:TdfMap = 
					{
						("OverwatchOptOut", 0(0x0)
						("OverwatchSp", 0(0x0)
						("OverwatchUnlocked", 0(0x0)
					}
				})
			}
		}
	}
	[GRID]:TdfInteger = 0 (0x0)
	[GTYP]:TdfString = "OverwatchStats7c64b8d5"
}
