[SERVER PACKET] => ID[184], PackComponent::Unknown [0x0802::0x14] TYPE: 0x1000
List<Tdf> Content = new List<Tdf>
{
	new TdfList("SPWA", TdfBaseType.TDF_TYPE_STRUCT, new List<object>
	{
		new TdfStruct("", new List<Tdf>
		{
			new TdfInteger("SWID", 2757208342),
		}),
	}),
};
byte[] buff = Blaze.CreatePacket((ushort)Blaze.Component.PACKS, 0x14, 0, (ushort)Blaze.MessageType.REPLY, packet.MsgNum, Content);

[SERVER PACKET] => ID[185], PackComponent::Unknown [0x0802::0x14] TYPE: 0x1000
List<Tdf> Content = new List<Tdf>
{
	new TdfList("SPWA", TdfBaseType.TDF_TYPE_STRUCT, new List<object>
	{
		new TdfStruct("", new List<Tdf>
		{
			new TdfInteger("SWID", 2423099765),
		}),
	}),
};
byte[] buff = Blaze.CreatePacket((ushort)Blaze.Component.PACKS, 0x14, 0, (ushort)Blaze.MessageType.REPLY, packet.MsgNum, Content);

