[SERVER PACKET] => ID[48], UtilComponent::filterForProfanity [0x0009::0x14] TYPE: 0x1000
{
	[TLST]:TdfList = 
	{
		{
			[DIRT]:TdfInteger = 0 (0x0)
			[UTXT]:TdfString = "GHOST"
		}
	}
}
[SERVER PACKET] => ID[49], GameReportingComponent::submitOfflineGameReport [0x001C::0x2] TYPE: 0x1000
{
}
[SERVER PACKET] => ID[0], GameReportingComponent::Unknown [0x001C::0x72] TYPE: 0x2000
{
	[DATA]:TdfIntegerList = 
	{
	}
	[EROR]:TdfInteger = 0 (0x0)
	[FNL]:TdfInteger = 0 (0x0)
	[GHID]:TdfInteger = 18014401845509496 (0x400000C6D7BD78)
	[GRID]:TdfInteger = 18014401845509496 (0x400000C6D7BD78)
}
