[SERVER PACKET] => ID[4], UserSessionsComponent::updateNetworkInfo [0x7802::0x14] TYPE: 0x1000
{
}
[SERVER PACKET] => ID[0], UserSessionsComponent::lookupUserInformation [0x7802::0x1] TYPE: 0x2000
{
	[DATA]:TdfStruct = 
	{
		[ADDR]:TdfUnion = 
		(union: 2){
			[VALU]:TdfStruct = 
			{
				[EXIP]:TdfStruct = 
				{
					[IP]:TdfInteger = 1384191085 (0x5281146D)
					[MACI]:TdfInteger = 0 (0x0)
					[PORT]:TdfInteger = 3659 (0xE4B)
				}
				[INIP]:TdfStruct = 
				{
					[IP]:TdfInteger = 3232261130 (0xC0A8640A)
					[MACI]:TdfInteger = 0 (0x0)
					[PORT]:TdfInteger = 3659 (0xE4B)
				}
				[MACI]:TdfInteger = 1821351717 (0x6C8F9F25)
			}
		}
		[BPS]:TdfString = "ea-ams"
		[CTY]:TdfString = "DE"
		[CVAR]:TdfIntegerList = 
		{
		}
		[DMAP]:TdfMap = 
		{
			(1 (0x1), 500(0x1F4)
			(2013396993 (0x78020001), 0(0x0)
		}
		[HWFG]:TdfInteger = 0 (0x0)
		[PSLM]:TdfList = 
		{
			[0] = 175 (0xAF)
			[1] = 239 (0xEF)
			[2] = 361 (0x169)
			[3] = 105 (0x69)
		}
		[QDAT]:TdfStruct = 
		{
			[DBPS]:TdfInteger = 0 (0x0)
			[NATT]:TdfInteger = 5 (0x5)
			[UBPS]:TdfInteger = 0 (0x0)
		}
		[UATT]:TdfInteger = 0 (0x0)
		[ULST]:TdfList = 
		{
			[]:TdfVector3 = 30722/2/108086391056956670
		}
	}
	[SUBS]:TdfInteger = 1 (0x1)
	[USID]:TdfInteger = 234139865 (0xDF4B0D9)
}
[SERVER PACKET] => ID[5], AuthenticationComponent::createWalUserSession [0x0001::0xE6] TYPE: 0x1000
{
	[BUID]:TdfInteger = 234139865 (0xDF4B0D9)
	[FRSC]:TdfInteger = 0 (0x0)
	[FRST]:TdfInteger = 0 (0x0)
	[KEY]:TdfString = "0180000006c9748d_0Vy*tc802E$W3D3c5JuXGBJX6mddMXWu7zC9WLDsBw"
	[LLOG]:TdfInteger = 0 (0x0)
	[MAIL]:TdfString = "sinnerx9.rx@gmail.com"
	[PDTL]:TdfStruct = 
	{
		[DSNM]:TdfString = "Sinnerx9"
		[LAST]:TdfInteger = 0 (0x0)
		[PID]:TdfInteger = 234139865 (0xDF4B0D9)
		[PLAT]:TdfInteger = 0 (0x0)
		[STAS]:TdfInteger = 0 (0x0)
		[XREF]:TdfInteger = 0 (0x0)
	}
	[UID]:TdfInteger = 2250788765 (0x86284F9D)
}
[SERVER PACKET] => ID[6], AuthenticationComponent::getAccount [0x0001::0x1E] TYPE: 0x1000
{
	[AMU]:TdfInteger = 0 (0x0)
	[ASRC]:TdfString = ""
	[CO]:TdfString = "IQ"
	[DOB]:TdfString = "2001-**-**"
	[DTCR]:TdfString = "2007-01-19T15:49Z"
	[GOPT]:TdfInteger = 0 (0x0)
	[LATH]:TdfString = "2022-09-05T2:32Z"
	[LN]:TdfString = "en"
	[MAIL]:TdfString = "******@gmail.com"
	[PML]:TdfString = ""
	[RC]:TdfInteger = 1 (0x1)
	[STAS]:TdfInteger = 1 (0x1)
	[STAT]:TdfInteger = 2 (0x2)
	[TOSV]:TdfString = "20426_17.20426_17"
	[TPOT]:TdfInteger = 0 (0x0)
	[UDU]:TdfInteger = 0 (0x0)
	[UID]:TdfInteger = 2250788765 (0x86284F9D)
}
[SERVER PACKET] => ID[7], UtilComponent::userSettingsLoad [0x0009::0xA] TYPE: 0x1000
{
	[DATA]:TdfString = "FALSE"
	[KEY]:TdfString = "SHARE_USAGE"
}
[SERVER PACKET] => ID[8], UtilComponent::userSettingsLoad [0x0009::0xA] TYPE: 0x1000
{
	[DATA]:TdfString = "FALSE"
	[KEY]:TdfString = "FRIEND_REC"
}
[SERVER PACKET] => ID[9], StatsComponent::getKeyScopesMap [0x0007::0xF] TYPE: 0x1000
{
	[KSIT]:TdfMap = 
	{
		("Collectables",  [0]:TdfStruct{
			[AGKY]:TdfInteger = 0 (0x0)
			[ENAG]:TdfInteger = 0 (0x0)
		})
		("DirectedRaces",  [1]:TdfStruct{
			[AGKY]:TdfInteger = 0 (0x0)
			[ENAG]:TdfInteger = 0 (0x0)
			[KSVL]:TdfMap = 
			{
				(1836155976 (0x6D718448), 1836155977(0x6D718449)
				(1836155979 (0x6D71844B), 1836155980(0x6D71844C)
				(1836155983 (0x6D71844F), 1836155983(0x6D71844F)
				(1836156000 (0x6D718460), 1836156001(0x6D718461)
				(1836156010 (0x6D71846A), 1836156012(0x6D71846C)
				(1836156014 (0x6D71846E), 1836156015(0x6D71846F)
				(1836156035 (0x6D718483), 1836156035(0x6D718483)
				(1836156041 (0x6D718489), 1836156041(0x6D718489)
				(1836156044 (0x6D71848C), 1836156046(0x6D71848E)
				(1836156066 (0x6D7184A2), 1836156067(0x6D7184A3)
				(1836156076 (0x6D7184AC), 1836156076(0x6D7184AC)
				(1836156078 (0x6D7184AE), 1836156078(0x6D7184AE)
			}
		})
		("HotPursuit",  [2]:TdfStruct{
			[AGKY]:TdfInteger = 0 (0x0)
			[ENAG]:TdfInteger = 0 (0x0)
			[KSVL]:TdfMap = 
			{
				(3261727552 (0xC26A0340), 3261727561(0xC26A0349)
				(3261727585 (0xC26A0361), 3261727593(0xC26A0369)
				(3261727650 (0xC26A03A2), 3261727650(0xC26A03A2)
			}
		})
		("HotPursuitRacer",  [3]:TdfStruct{
			[AGKY]:TdfInteger = 0 (0x0)
			[ENAG]:TdfInteger = 0 (0x0)
			[KSVL]:TdfMap = 
			{
				(3995932304 (0xEE2D1690), 3995932305(0xEE2D1691)
				(3995932314 (0xEE2D169A), 3995932319(0xEE2D169F)
				(3995932408 (0xEE2D16F8), 3995932415(0xEE2D16FF)
			}
		})
		("Hunted",  [4]:TdfStruct{
			[AGKY]:TdfInteger = 0 (0x0)
			[ENAG]:TdfInteger = 0 (0x0)
			[KSVL]:TdfMap = 
			{
				(2757208336 (0xA457A910), 2757208340(0xA457A914)
				(2757208342 (0xA457A916), 2757208343(0xA457A917)
				(2757208348 (0xA457A91C), 2757208349(0xA457A91D)
				(2757208368 (0xA457A930), 2757208375(0xA457A937)
				(2757208380 (0xA457A93C), 2757208380(0xA457A93C)
			}
		})
		("Interceptor",  [5]:TdfStruct{
			[AGKY]:TdfInteger = 0 (0x0)
			[ENAG]:TdfInteger = 0 (0x0)
			[KSVL]:TdfMap = 
			{
				(2786304976 (0xA613A3D0), 2786304983(0xA613A3D7)
				(2786304988 (0xA613A3DC), 2786304989(0xA613A3DD)
				(2786305072 (0xA613A430), 2786305076(0xA613A434)
				(2786305078 (0xA613A436), 2786305079(0xA613A437)
				(2786305084 (0xA613A43C), 2786305085(0xA613A43D)
				(2786305138 (0xA613A472), 2786305143(0xA613A477)
			}
		})
		("JumpSpots",  [6]:TdfStruct{
			[AGKY]:TdfInteger = 0 (0x0)
			[ENAG]:TdfInteger = 0 (0x0)
			[KSVL]:TdfMap = 
			{
				(1230288451 (0x4954B643), 1230288451(0x4954B643)
				(3704503616 (0xDCCE3D40), 3704503625(0xDCCE3D49)
				(3704503648 (0xDCCE3D60), 3704503657(0xDCCE3D69)
				(3704503680 (0xDCCE3D80), 3704503687(0xDCCE3D87)
				(3704503690 (0xDCCE3D8A), 3704503691(0xDCCE3D8B)
				(3704503712 (0xDCCE3DA0), 3704503714(0xDCCE3DA2)
				(3704503717 (0xDCCE3DA5), 3704503718(0xDCCE3DA6)
				(3704503722 (0xDCCE3DAA), 3704503723(0xDCCE3DAB)
				(3704503744 (0xDCCE3DC0), 3704503745(0xDCCE3DC1)
				(3704503748 (0xDCCE3DC4), 3704503751(0xDCCE3DC7)
				(3704503776 (0xDCCE3DE0), 3704503780(0xDCCE3DE4)
				(3704503782 (0xDCCE3DE6), 3704503783(0xDCCE3DE7)
				(3704503788 (0xDCCE3DEC), 3704503789(0xDCCE3DED)
				(3704503808 (0xDCCE3E00), 3704503815(0xDCCE3E07)
				(3704503823 (0xDCCE3E0F), 3704503823(0xDCCE3E0F)
				(3704503840 (0xDCCE3E20), 3704503845(0xDCCE3E25)
				(3704503847 (0xDCCE3E27), 3704503847(0xDCCE3E27)
				(3704503854 (0xDCCE3E2E), 3704503855(0xDCCE3E2F)
				(3704504106 (0xDCCE3F2A), 3704504111(0xDCCE3F2F)
			}
		})
		("RacerRoadRule",  [7]:TdfStruct{
			[AGKY]:TdfInteger = 0 (0x0)
			[ENAG]:TdfInteger = 0 (0x0)
			[KSVL]:TdfMap = 
			{
				(1527021088 (0x5B047E20), 1527021089(0x5B047E21)
				(1527021091 (0x5B047E23), 1527021091(0x5B047E23)
				(1527021120 (0x5B047E40), 1527021127(0x5B047E47)
				(1527021132 (0x5B047E4C), 1527021133(0x5B047E4D)
				(1527021184 (0x5B047E80), 1527021191(0x5B047E87)
				(1527021198 (0x5B047E8E), 1527021198(0x5B047E8E)
				(1527021216 (0x5B047EA0), 1527021216(0x5B047EA0)
				(1527021218 (0x5B047EA2), 1527021220(0x5B047EA4)
				(1527021222 (0x5B047EA6), 1527021223(0x5B047EA7)
				(1527021228 (0x5B047EAC), 1527021229(0x5B047EAD)
				(1527021280 (0x5B047EE0), 1527021287(0x5B047EE7)
				(1527021294 (0x5B047EEE), 1527021295(0x5B047EEF)
			}
		})
		("RapidResponse",  [8]:TdfStruct{
			[AGKY]:TdfInteger = 0 (0x0)
			[ENAG]:TdfInteger = 0 (0x0)
			[KSVL]:TdfMap = 
			{
				(393262464 (0x1770B580), 393262465(0x1770B581)
				(393262472 (0x1770B588), 393262472(0x1770B588)
				(393262474 (0x1770B58A), 393262479(0x1770B58F)
				(393262496 (0x1770B5A0), 393262497(0x1770B5A1)
				(393262504 (0x1770B5A8), 393262511(0x1770B5AF)
				(393262536 (0x1770B5C8), 393262539(0x1770B5CB)
				(393262542 (0x1770B5CE), 393262543(0x1770B5CF)
			}
		})
		("SpeedCameras",  [9]:TdfStruct{
			[AGKY]:TdfInteger = 0 (0x0)
			[ENAG]:TdfInteger = 0 (0x0)
			[KSVL]:TdfMap = 
			{
				(2329405376 (0x8AD7E7C0), 2329405385(0x8AD7E7C9)
				(2329405440 (0x8AD7E800), 2329405447(0x8AD7E807)
				(2329405450 (0x8AD7E80A), 2329405451(0x8AD7E80B)
				(2329405472 (0x8AD7E820), 2329405481(0x8AD7E829)
				(2329405504 (0x8AD7E840), 2329405511(0x8AD7E847)
				(2329405516 (0x8AD7E84C), 2329405517(0x8AD7E84D)
				(2329405536 (0x8AD7E860), 2329405543(0x8AD7E867)
				(2329405546 (0x8AD7E86A), 2329405547(0x8AD7E86B)
				(2329405568 (0x8AD7E880), 2329405573(0x8AD7E885)
				(2329405575 (0x8AD7E887), 2329405575(0x8AD7E887)
				(2329405582 (0x8AD7E88E), 2329405583(0x8AD7E88F)
				(2329405600 (0x8AD7E8A0), 2329405607(0x8AD7E8A7)
				(2329405612 (0x8AD7E8AC), 2329405613(0x8AD7E8AD)
				(2329405664 (0x8AD7E8E0), 2329405671(0x8AD7E8E7)
				(2329405678 (0x8AD7E8EE), 2329405679(0x8AD7E8EF)
				(2329405834 (0x8AD7E98A), 2329405834(0x8AD7E98A)
				(2329405836 (0x8AD7E98C), 2329405839(0x8AD7E98F)
			}
		})
		("Speedlist",  [10]:TdfStruct{
			[AGKY]:TdfInteger = 0 (0x0)
			[ENAG]:TdfInteger = 0 (0x0)
			[KSVL]:TdfMap = 
			{
				(1064703338 (0x3F76156A), 1064703338(0x3F76156A)
				(1064703354 (0x3F76157A), 1064703354(0x3F76157A)
				(1064704363 (0x3F76196B), 1064704363(0x3F76196B)
				(1064704379 (0x3F76197B), 1064704379(0x3F76197B)
				(1064709344 (0x3F762CE0), 1064709344(0x3F762CE0)
				(1064709360 (0x3F762CF0), 1064709360(0x3F762CF0)
				(1064710369 (0x3F7630E1), 1064710369(0x3F7630E1)
				(1064710385 (0x3F7630F1), 1064710385(0x3F7630F1)
				(1064711522 (0x3F763562), 1064711522(0x3F763562)
				(1064711538 (0x3F763572), 1064711538(0x3F763572)
				(1064712547 (0x3F763963), 1064712547(0x3F763963)
				(1064712563 (0x3F763973), 1064712563(0x3F763973)
				(1064713444 (0x3F763CE4), 1064713444(0x3F763CE4)
				(1064713460 (0x3F763CF4), 1064713460(0x3F763CF4)
				(1064714469 (0x3F7640E5), 1064714469(0x3F7640E5)
				(1064714485 (0x3F7640F5), 1064714485(0x3F7640F5)
				(1064715622 (0x3F764566), 1064715622(0x3F764566)
				(1064715638 (0x3F764576), 1064715638(0x3F764576)
				(1064716647 (0x3F764967), 1064716647(0x3F764967)
				(1064716663 (0x3F764977), 1064716663(0x3F764977)
				(1130499524 (0x43620DC4), 1130499524(0x43620DC4)
				(2423091564 (0x906D716C), 2423091564(0x906D716C)
				(2423091581 (0x906D717D), 2423091581(0x906D717D)
				(2423091583 (0x906D717F), 2423091583(0x906D717F)
				(2423092589 (0x906D756D), 2423092589(0x906D756D)
				(2423092604 (0x906D757C), 2423092604(0x906D757C)
				(2423092606 (0x906D757E), 2423092606(0x906D757E)
				(2423097574 (0x906D88E6), 2423097574(0x906D88E6)
				(2423097589 (0x906D88F5), 2423097589(0x906D88F5)
				(2423097591 (0x906D88F7), 2423097591(0x906D88F7)
				(2423098599 (0x906D8CE7), 2423098599(0x906D8CE7)
				(2423098612 (0x906D8CF4), 2423098612(0x906D8CF4)
				(2423098614 (0x906D8CF6), 2423098614(0x906D8CF6)
				(2423099748 (0x906D9164), 2423099748(0x906D9164)
				(2423099765 (0x906D9175), 2423099765(0x906D9175)
				(2423099767 (0x906D9177), 2423099767(0x906D9177)
				(2423100773 (0x906D9565), 2423100773(0x906D9565)
				(2423100788 (0x906D9574), 2423100788(0x906D9574)
				(2423100790 (0x906D9576), 2423100790(0x906D9576)
				(2423101666 (0x906D98E2), 2423101666(0x906D98E2)
				(2423101681 (0x906D98F1), 2423101681(0x906D98F1)
				(2423101683 (0x906D98F3), 2423101683(0x906D98F3)
				(2423102691 (0x906D9CE3), 2423102691(0x906D9CE3)
				(2423102704 (0x906D9CF0), 2423102704(0x906D9CF0)
				(2423102706 (0x906D9CF2), 2423102706(0x906D9CF2)
				(2423103840 (0x906DA160), 2423103840(0x906DA160)
				(2423103857 (0x906DA171), 2423103857(0x906DA171)
				(2423103859 (0x906DA173), 2423103859(0x906DA173)
				(2423104865 (0x906DA561), 2423104865(0x906DA561)
				(2423104880 (0x906DA570), 2423104880(0x906DA570)
				(2423104882 (0x906DA572), 2423104882(0x906DA572)
				(2652804205 (0x9E1E946D), 2652804205(0x9E1E946D)
				(2652804207 (0x9E1E946F), 2652804207(0x9E1E946F)
				(2652804220 (0x9E1E947C), 2652804220(0x9E1E947C)
				(2652805228 (0x9E1E986C), 2652805228(0x9E1E986C)
				(2652805230 (0x9E1E986E), 2652805230(0x9E1E986E)
				(2652805245 (0x9E1E987D), 2652805245(0x9E1E987D)
				(2652810213 (0x9E1EABE5), 2652810213(0x9E1EABE5)
				(2652810215 (0x9E1EABE7), 2652810215(0x9E1EABE7)
				(2652810230 (0x9E1EABF6), 2652810230(0x9E1EABF6)
				(2652811236 (0x9E1EAFE4), 2652811236(0x9E1EAFE4)
				(2652811238 (0x9E1EAFE6), 2652811238(0x9E1EAFE6)
				(2652811255 (0x9E1EAFF7), 2652811255(0x9E1EAFF7)
				(2652812389 (0x9E1EB465), 2652812389(0x9E1EB465)
				(2652812391 (0x9E1EB467), 2652812391(0x9E1EB467)
				(2652812404 (0x9E1EB474), 2652812404(0x9E1EB474)
				(2652813412 (0x9E1EB864), 2652813412(0x9E1EB864)
				(2652813414 (0x9E1EB866), 2652813414(0x9E1EB866)
				(2652813429 (0x9E1EB875), 2652813429(0x9E1EB875)
				(2652814305 (0x9E1EBBE1), 2652814305(0x9E1EBBE1)
				(2652814307 (0x9E1EBBE3), 2652814307(0x9E1EBBE3)
				(2652814322 (0x9E1EBBF2), 2652814322(0x9E1EBBF2)
				(2652815328 (0x9E1EBFE0), 2652815328(0x9E1EBFE0)
				(2652815330 (0x9E1EBFE2), 2652815330(0x9E1EBFE2)
				(2652815347 (0x9E1EBFF3), 2652815347(0x9E1EBFF3)
				(2652816481 (0x9E1EC461), 2652816481(0x9E1EC461)
				(2652816483 (0x9E1EC463), 2652816483(0x9E1EC463)
				(2652816496 (0x9E1EC470), 2652816496(0x9E1EC470)
				(2652817504 (0x9E1EC860), 2652817504(0x9E1EC860)
				(2652817506 (0x9E1EC862), 2652817506(0x9E1EC862)
				(2652817521 (0x9E1EC871), 2652817521(0x9E1EC871)
				(3542729405 (0xD329C2BD), 3542729405(0xD329C2BD)
				(3542730428 (0xD329C6BC), 3542730428(0xD329C6BC)
				(3542733497 (0xD329D2B9), 3542733497(0xD329D2B9)
				(3542734520 (0xD329D6B8), 3542734520(0xD329D6B8)
				(3542735679 (0xD329DB3F), 3542735679(0xD329DB3F)
				(3542736702 (0xD329DF3E), 3542736702(0xD329DF3E)
				(3542739771 (0xD329EB3B), 3542739771(0xD329EB3B)
				(3542740794 (0xD329EF3A), 3542740794(0xD329EF3A)
				(3542747955 (0xD32A0B33), 3542747955(0xD32A0B33)
				(3542748978 (0xD32A0F32), 3542748978(0xD32A0F32)
				(3546319755 (0xD3608B8B), 3546319755(0xD3608B8B)
				(3546319771 (0xD3608B9B), 3546319772(0xD3608B9C)
				(3546322954 (0xD360980A), 3546322954(0xD360980A)
				(3546322970 (0xD360981A), 3546322970(0xD360981A)
				(3546322973 (0xD360981D), 3546322973(0xD360981D)
				(3546327939 (0xD360AB83), 3546327939(0xD360AB83)
				(3546327955 (0xD360AB93), 3546327956(0xD360AB94)
				(3546328960 (0xD360AF80), 3546328960(0xD360AF80)
				(3546328976 (0xD360AF90), 3546328976(0xD360AF90)
				(3546328983 (0xD360AF97), 3546328983(0xD360AF97)
				(3546331138 (0xD360B802), 3546331138(0xD360B802)
				(3546331154 (0xD360B812), 3546331154(0xD360B812)
				(3546331157 (0xD360B815), 3546331157(0xD360B815)
				(3546332039 (0xD360BB87), 3546332039(0xD360BB87)
				(3546332048 (0xD360BB90), 3546332048(0xD360BB90)
				(3546332055 (0xD360BB97), 3546332055(0xD360BB97)
				(3546333060 (0xD360BF84), 3546333060(0xD360BF84)
				(3546333075 (0xD360BF93), 3546333076(0xD360BF94)
				(3546334209 (0xD360C401), 3546334209(0xD360C401)
				(3546334225 (0xD360C411), 3546334225(0xD360C411)
				(3546334230 (0xD360C416), 3546334230(0xD360C416)
				(3546335238 (0xD360C806), 3546335238(0xD360C806)
				(3546335249 (0xD360C811), 3546335249(0xD360C811)
				(3546335254 (0xD360C816), 3546335254(0xD360C816)
				(3546338309 (0xD360D405), 3546338309(0xD360D405)
				(3546338322 (0xD360D412), 3546338322(0xD360D412)
				(3546338325 (0xD360D415), 3546338325(0xD360D415)
				(3628996437 (0xD84E1755), 3628996437(0xD84E1755)
			}
		})
		("TimeAttack",  [11]:TdfStruct{
			[AGKY]:TdfInteger = 0 (0x0)
			[ENAG]:TdfInteger = 0 (0x0)
			[KSVL]:TdfMap = 
			{
				(707187392 (0x2A26D2C0), 707187393(0x2A26D2C1)
				(707187395 (0x2A26D2C3), 707187398(0x2A26D2C6)
				(707187425 (0x2A26D2E1), 707187433(0x2A26D2E9)
			}
		})
		("VehicleStatisticsData",  [12]:TdfStruct{
			[AGKY]:TdfInteger = 0 (0x0)
			[ENAG]:TdfInteger = 0 (0x0)
		})
	}
}
[SERVER PACKET] => ID[10], UserSessionsComponent::updateHardwareFlags [0x7802::0x8] TYPE: 0x1000
{
}
