[CLIENT PACKET] => ID[11], UtilComponent::fetchClientConfig [0x0009::0x1] TYPE: 0x0000
List<Tdf> Content = new List<Tdf>
{
	new TdfString("CFID", "ClientsideTweakables"),
};
byte[] buff = Blaze.CreatePacket((ushort)Blaze.Component.UTIL, 0x1, 0, (ushort)Blaze.MessageType.MESSAGE, packet.MsgNum, Content);

[CLIENT PACKET] => ID[12], UserSessionsComponent::updateNetworkInfo [0x7802::0x14] TYPE: 0x0000
List<Tdf> Content = new List<Tdf>
{
	new TdfUnion("ADDR", Blaze.NetworkAddressMember.MEMBER_IPPAIRADDRESS, 
		new TdfStruct("VALU", new List<Tdf>
		{
			new TdfStruct("EXIP", new List<Tdf>
			{
				new TdfInteger("IP", 1384191085),
				new TdfInteger("MACI", 0),
				new TdfInteger("PORT", 3659),
			}),
			new TdfStruct("INIP", new List<Tdf>
			{
				new TdfInteger("IP", 3232261130),
				new TdfInteger("MACI", 0),
				new TdfInteger("PORT", 3659),
			}),
			new TdfInteger("MACI", 1821351717),
		}),
	),
	new TdfMap("NLMP", TdfBaseType.TDF_TYPE_STRING, TdfBaseType.TDF_TYPE_INTEGER, new Dictionary<object, object>
	{
		{ "bio-iad", 175 },
		{ "bio-sjc", 239 },
		{ "bio-syd", 361 },
		{ "ea-ams", 105 },
	}),
	new TdfStruct("NQOS", new List<Tdf>
	{
		new TdfInteger("DBPS", 96000000),
		new TdfInteger("NATT", 1),
		new TdfInteger("UBPS", 96000000),
	}),
};
byte[] buff = Blaze.CreatePacket((ushort)Blaze.Component.USERSESSIONS, 0x14, 0, (ushort)Blaze.MessageType.MESSAGE, packet.MsgNum, Content);

[CLIENT PACKET] => ID[13], UtilComponent::userSettingsSave [0x0009::0xB] TYPE: 0x0000
List<Tdf> Content = new List<Tdf>
{
	new TdfString("DATA", "FALSE"),
	new TdfString("KEY", "UGC_BLOCKED"),
	new TdfInteger("UID", 0),
};
byte[] buff = Blaze.CreatePacket((ushort)Blaze.Component.UTIL, 0xB, 0, (ushort)Blaze.MessageType.MESSAGE, packet.MsgNum, Content);

[CLIENT PACKET] => ID[14], UtilComponent::userSettingsSave [0x0009::0xB] TYPE: 0x0000
List<Tdf> Content = new List<Tdf>
{
	new TdfString("DATA", "TRUE"),
	new TdfString("KEY", "MULTIPLAYER_ENABLED"),
	new TdfInteger("UID", 0),
};
byte[] buff = Blaze.CreatePacket((ushort)Blaze.Component.UTIL, 0xB, 0, (ushort)Blaze.MessageType.MESSAGE, packet.MsgNum, Content);

[CLIENT PACKET] => ID[15], AssociationListsComponent::getLists [0x0019::0x6] TYPE: 0x0000
List<Tdf> Content = new List<Tdf>
{
	new TdfInteger("MXRC", 4294967295),
	new TdfInteger("OFRC", 0),
};
byte[] buff = Blaze.CreatePacket((ushort)Blaze.Component.FRIENDS, 0x6, 0, (ushort)Blaze.MessageType.MESSAGE, packet.MsgNum, Content);

