[CLIENT PACKET] => ID[11], UtilComponent::fetchClientConfig [0x0009::0x1] TYPE: 0x0000
{
	[CFID]:TdfString = "ClientsideTweakables"
}
[CLIENT PACKET] => ID[12], UserSessionsComponent::updateNetworkInfo [0x7802::0x14] TYPE: 0x0000
{
	[ADDR]:TdfUnion = 
	(union: 2){
		[VALU]:TdfStruct = 
		{
			[EXIP]:TdfStruct = 
			{
				[IP]:TdfInteger = 1384191085 (0x5281146D)
				[MACI]:TdfInteger = 0 (0x0)
				[PORT]:TdfInteger = 3659 (0xE4B)
			}
			[INIP]:TdfStruct = 
			{
				[IP]:TdfInteger = 3232261130 (0xC0A8640A)
				[MACI]:TdfInteger = 0 (0x0)
				[PORT]:TdfInteger = 3659 (0xE4B)
			}
			[MACI]:TdfInteger = 1821351717 (0x6C8F9F25)
		}
	}
	[NLMP]:TdfMap = 
	{
		("bio-iad", 175(0xAF)
		("bio-sjc", 239(0xEF)
		("bio-syd", 361(0x169)
		("ea-ams", 105(0x69)
	}
	[NQOS]:TdfStruct = 
	{
		[DBPS]:TdfInteger = 96000000 (0x5B8D800)
		[NATT]:TdfInteger = 1 (0x1)
		[UBPS]:TdfInteger = 96000000 (0x5B8D800)
	}
}
[CLIENT PACKET] => ID[13], UtilComponent::userSettingsSave [0x0009::0xB] TYPE: 0x0000
{
	[DATA]:TdfString = "FALSE"
	[KEY]:TdfString = "UGC_BLOCKED"
	[UID]:TdfInteger = 0 (0x0)
}
[CLIENT PACKET] => ID[14], UtilComponent::userSettingsSave [0x0009::0xB] TYPE: 0x0000
{
	[DATA]:TdfString = "TRUE"
	[KEY]:TdfString = "MULTIPLAYER_ENABLED"
	[UID]:TdfInteger = 0 (0x0)
}
[CLIENT PACKET] => ID[15], AssociationListsComponent::getLists [0x0019::0x6] TYPE: 0x0000
{
	[MXRC]:TdfInteger = 4294967295 (0xFFFFFFFF)
	[OFRC]:TdfInteger = 0 (0x0)
}
