[SERVER PACKET] => ID[16], PackComponent::Unknown [0x0802::0x26] TYPE: 0x1000
{
	[CIHA]:TdfInteger = 0 (0x0)
	[GECI]:TdfString = ""
	[GECO]:TdfString = ""
	[ISSE]:TdfInteger = 0 (0x0)
}
[SERVER PACKET] => ID[17], StatsComponent::getStatGroup [0x0007::0x4] TYPE: 0x1000
{
	[CNAM]:TdfString = "MetaData"
	[DESC]:TdfString = "MetaData"
	[ETYP]:TdfVector2 = 30722/1
	[META]:TdfString = ""
	[NAME]:TdfString = "MetaData"
	[STAT]:TdfList = 
	{
		{
			[CATG]:TdfString = "MetaData"
			[DFLT]:TdfString = "0.000000"
			[DRVD]:TdfInteger = 0 (0x0)
			[FRMT]:TdfString = "%s"
			[KIND]:TdfString = ""
			[LDSC]:TdfString = "SaveTimestamp"
			[META]:TdfString = ""
			[NAME]:TdfString = "SaveTimestamp"
			[SDSC]:TdfString = "SaveTimestamp"
			[TYPE]:TdfInteger = 2 (0x2)
		}
	}
}
[SERVER PACKET] => ID[18], AssociationListsComponent::subscribeToLists [0x0019::0x7] TYPE: 0x1000
{
}
