2022-09-05 05:35:18 -  INFO: Decoding 1 packets from File: (0) CLI 9-7.bin, please wait...
2022-09-05 05:35:18 -  INFO: Decoding 1 packets from File: (0) SRV MultiPacket.bin, please wait...
2022-09-05 05:35:18 -  INFO: Decoding 1 packets from File: (1) CLI 9-2.bin, please wait...
2022-09-05 05:35:18 -  INFO: Decoding 1 packets from File: (1) SRV MultiPacket.bin, please wait...
2022-09-05 05:35:18 -  INFO: Decoding 2 packets from File: (10) CLI 1-36.bin, please wait...
2022-09-05 05:35:18 -  INFO: Decoding 1 packets from File: (100) CLI 28-2.bin, please wait...
2022-09-05 05:35:18 -  INFO: Decoding 3 packets from File: (100) SRV [28-114, 28-2, 28-114].bin, please wait...
2022-09-05 05:35:18 -  INFO: Decoding 1 packets from File: (101) CLI 28-2.bin, please wait...
2022-09-05 05:35:18 -  INFO: Decoding 2 packets from File: (101) SRV [28-2, 28-114].bin, please wait...
2022-09-05 05:35:18 -  INFO: Decoding 1 packets from File: (102) CLI 28-2.bin, please wait...
2022-09-05 05:35:18 -  INFO: Decoding 1 packets from File: (102) SRV MultiPacket.bin, please wait...
2022-09-05 05:35:18 -  INFO: Decoding 1 packets from File: (103) CLI 28-2.bin, please wait...
2022-09-05 05:35:18 -  INFO: Decoding 2 packets from File: (103) SRV [28-114, 28-2].bin, please wait...
2022-09-05 05:35:18 -  INFO: Decoding 1 packets from File: (104) CLI 28-2.bin, please wait...
2022-09-05 05:35:18 -  INFO: Decoding 3 packets from File: (104) SRV [28-114, 28-2, 28-114].bin, please wait...
2022-09-05 05:35:18 -  INFO: Decoding 1 packets from File: (105) CLI 28-2.bin, please wait...
2022-09-05 05:35:18 -  INFO: Decoding 1 packets from File: (105) SRV MultiPacket.bin, please wait...
2022-09-05 05:35:18 -  INFO: Decoding 1 packets from File: (106) CLI 28-2.bin, please wait...
2022-09-05 05:35:18 -  INFO: Decoding 3 packets from File: (106) SRV [28-114, 28-2, 28-114].bin, please wait...
2022-09-05 05:35:18 -  INFO: Decoding 1 packets from File: (107) CLI 28-2.bin, please wait...
2022-09-05 05:35:18 -  INFO: Decoding 2 packets from File: (107) SRV [28-2, 28-114].bin, please wait...
2022-09-05 05:35:18 -  INFO: Decoding 1 packets from File: (108) CLI 28-2.bin, please wait...
2022-09-05 05:35:18 -  INFO: Decoding 1 packets from File: (108) SRV MultiPacket.bin, please wait...
2022-09-05 05:35:18 -  INFO: Decoding 1 packets from File: (109) CLI 28-2.bin, please wait...
2022-09-05 05:35:18 -  INFO: Decoding 3 packets from File: (109) SRV [28-114, 28-2, 28-114].bin, please wait...
2022-09-05 05:35:18 -  INFO: Decoding 1 packets from File: (11) CLI 4-25.bin, please wait...
2022-09-05 05:35:18 -  INFO: Decoding 9 packets from File: (11) SRV [1-36, 28-2, 28-114, 4-25, 30722-1, 30722-2, 30722-5, 4-20, 4-100].bin, please wait...
2022-09-05 05:35:18 -  INFO: Decoding 1 packets from File: (110) CLI 28-2.bin, please wait...
2022-09-05 05:35:18 -  INFO: Decoding 1 packets from File: (110) SRV MultiPacket.bin, please wait...
2022-09-05 05:35:18 -  INFO: Decoding 1 packets from File: (111) CLI 28-2.bin, please wait...
2022-09-05 05:35:18 -  INFO: Decoding 2 packets from File: (111) SRV [28-114, 28-2].bin, please wait...
2022-09-05 05:35:18 -  INFO: Decoding 1 packets from File: (112) CLI 28-2.bin, please wait...
2022-09-05 05:35:18 -  INFO: Decoding 3 packets from File: (112) SRV [28-114, 28-2, 28-114].bin, please wait...
2022-09-05 05:35:18 -  INFO: Decoding 1 packets from File: (113) CLI 28-2.bin, please wait...
2022-09-05 05:35:18 -  INFO: Decoding 2 packets from File: (113) SRV [28-2, 28-114].bin, please wait...
2022-09-05 05:35:18 -  INFO: Decoding 1 packets from File: (114) CLI 28-2.bin, please wait...
2022-09-05 05:35:18 -  INFO: Decoding 1 packets from File: (114) SRV MultiPacket.bin, please wait...
2022-09-05 05:35:18 -  INFO: Decoding 1 packets from File: (115) CLI 28-2.bin, please wait...
2022-09-05 05:35:19 -  INFO: Decoding 2 packets from File: (115) SRV [28-114, 28-2].bin, please wait...
2022-09-05 05:35:19 -  INFO: Decoding 1 packets from File: (116) CLI 28-2.bin, please wait...
2022-09-05 05:35:19 -  INFO: Decoding 3 packets from File: (116) SRV [28-114, 28-2, 28-114].bin, please wait...
2022-09-05 05:35:19 -  INFO: Decoding 1 packets from File: (117) CLI 28-2.bin, please wait...
2022-09-05 05:35:19 -  INFO: Decoding 1 packets from File: (117) SRV MultiPacket.bin, please wait...
2022-09-05 05:35:19 -  INFO: Decoding 1 packets from File: (118) CLI 28-2.bin, please wait...
2022-09-05 05:35:19 -  INFO: Decoding 2 packets from File: (118) SRV [28-114, 28-2].bin, please wait...
2022-09-05 05:35:19 -  INFO: Decoding 1 packets from File: (119) CLI 28-2.bin, please wait...
2022-09-05 05:35:19 -  INFO: Decoding 2 packets from File: (119) SRV [28-114, 28-2].bin, please wait...
2022-09-05 05:35:19 -  INFO: Decoding 6 packets from File: (12) CLI 1-29.bin, please wait...
2022-09-05 05:35:19 -  INFO: Decoding 7 packets from File: (12) SRV [1-29, 1-29, 1-29, 2050-39, 2050-47, 4-3, 4-100].bin, please wait...
2022-09-05 05:35:19 -  INFO: Decoding 1 packets from File: (120) CLI 28-2.bin, please wait...
2022-09-05 05:35:19 -  INFO: Decoding 2 packets from File: (120) SRV [28-114, 28-2].bin, please wait...
2022-09-05 05:35:19 -  INFO: Decoding 1 packets from File: (121) CLI 28-2.bin, please wait...
2022-09-05 05:35:19 -  INFO: Decoding 3 packets from File: (121) SRV [28-114, 28-2, 28-114].bin, please wait...
2022-09-05 05:35:19 -  INFO: Decoding 1 packets from File: (122) CLI 28-2.bin, please wait...
2022-09-05 05:35:19 -  INFO: Decoding 1 packets from File: (122) SRV MultiPacket.bin, please wait...
2022-09-05 05:35:19 -  INFO: Decoding 1 packets from File: (123) CLI 28-2.bin, please wait...
2022-09-05 05:35:19 -  INFO: Decoding 1 packets from File: (123) SRV MultiPacket.bin, please wait...
2022-09-05 05:35:19 -  INFO: Decoding 1 packets from File: (124) CLI 28-2.bin, please wait...
2022-09-05 05:35:19 -  INFO: Decoding 3 packets from File: (124) SRV [28-114, 28-2, 28-114].bin, please wait...
2022-09-05 05:35:19 -  INFO: Decoding 1 packets from File: (125) CLI 28-2.bin, please wait...
2022-09-05 05:35:19 -  INFO: Decoding 1 packets from File: (125) SRV MultiPacket.bin, please wait...
2022-09-05 05:35:19 -  INFO: Decoding 1 packets from File: (126) CLI 28-2.bin, please wait...
2022-09-05 05:35:19 -  INFO: Decoding 3 packets from File: (126) SRV [28-114, 28-2, 28-114].bin, please wait...
2022-09-05 05:35:19 -  INFO: Decoding 1 packets from File: (127) CLI 28-2.bin, please wait...
2022-09-05 05:35:19 -  INFO: Decoding 2 packets from File: (127) SRV [28-2, 28-114].bin, please wait...
2022-09-05 05:35:19 -  INFO: Decoding 1 packets from File: (128) CLI 28-2.bin, please wait...
2022-09-05 05:35:19 -  INFO: Decoding 2 packets from File: (128) SRV [28-2, 28-114].bin, please wait...
2022-09-05 05:35:19 -  INFO: Decoding 1 packets from File: (129) CLI 28-2.bin, please wait...
2022-09-05 05:35:19 -  INFO: Decoding 1 packets from File: (129) SRV MultiPacket.bin, please wait...
2022-09-05 05:35:19 -  INFO: Decoding 1 packets from File: (13) CLI 9-2.bin, please wait...
2022-09-05 05:35:19 -  INFO: Decoding 1 packets from File: (13) SRV MultiPacket.bin, please wait...
2022-09-05 05:35:19 -  INFO: Decoding 1 packets from File: (130) CLI 28-2.bin, please wait...
2022-09-05 05:35:19 -  INFO: Decoding 1 packets from File: (130) SRV MultiPacket.bin, please wait...
2022-09-05 05:35:19 -  INFO: Decoding 1 packets from File: (131) CLI 28-2.bin, please wait...
2022-09-05 05:35:19 -  INFO: Decoding 1 packets from File: (131) SRV MultiPacket.bin, please wait...
2022-09-05 05:35:19 -  INFO: Decoding 1 packets from File: (132) CLI 28-2.bin, please wait...
2022-09-05 05:35:19 -  INFO: Decoding 2 packets from File: (132) SRV [28-114, 28-2].bin, please wait...
2022-09-05 05:35:19 -  INFO: Decoding 1 packets from File: (133) CLI 28-2.bin, please wait...
2022-09-05 05:35:19 -  INFO: Decoding 2 packets from File: (133) SRV [28-2, 28-114].bin, please wait...
2022-09-05 05:35:19 -  INFO: Decoding 1 packets from File: (134) CLI 28-2.bin, please wait...
2022-09-05 05:35:19 -  INFO: Decoding 2 packets from File: (134) SRV [28-2, 28-114].bin, please wait...
2022-09-05 05:35:19 -  INFO: Decoding 1 packets from File: (135) CLI 28-2.bin, please wait...
2022-09-05 05:35:19 -  INFO: Decoding 1 packets from File: (135) SRV MultiPacket.bin, please wait...
2022-09-05 05:35:19 -  INFO: Decoding 1 packets from File: (136) CLI 28-2.bin, please wait...
2022-09-05 05:35:19 -  INFO: Decoding 1 packets from File: (136) SRV MultiPacket.bin, please wait...
2022-09-05 05:35:19 -  INFO: Decoding 1 packets from File: (137) CLI 28-2.bin, please wait...
2022-09-05 05:35:19 -  INFO: Decoding 3 packets from File: (137) SRV [28-114, 28-2, 28-114].bin, please wait...
2022-09-05 05:35:19 -  INFO: Decoding 1 packets from File: (138) CLI 28-2.bin, please wait...
2022-09-05 05:35:19 -  INFO: Decoding 2 packets from File: (138) SRV [28-2, 28-114].bin, please wait...
2022-09-05 05:35:19 -  INFO: Decoding 1 packets from File: (139) CLI 28-2.bin, please wait...
2022-09-05 05:35:19 -  INFO: Decoding 1 packets from File: (139) SRV MultiPacket.bin, please wait...
2022-09-05 05:35:19 -  INFO: Decoding 1 packets from File: (14) CLI 28-2.bin, please wait...
2022-09-05 05:35:19 -  INFO: Decoding 1 packets from File: (14) SRV MultiPacket.bin, please wait...
2022-09-05 05:35:19 -  INFO: Decoding 1 packets from File: (140) CLI 28-2.bin, please wait...
2022-09-05 05:35:19 -  INFO: Decoding 1 packets from File: (140) SRV MultiPacket.bin, please wait...
2022-09-05 05:35:19 -  INFO: Decoding 1 packets from File: (141) CLI 28-2.bin, please wait...
2022-09-05 05:35:19 -  INFO: Decoding 2 packets from File: (141) SRV [28-114, 28-2].bin, please wait...
2022-09-05 05:35:19 -  INFO: Decoding 1 packets from File: (142) CLI 28-2.bin, please wait...
2022-09-05 05:35:19 -  INFO: Decoding 2 packets from File: (142) SRV [28-114, 28-2].bin, please wait...
2022-09-05 05:35:19 -  INFO: Decoding 1 packets from File: (143) CLI 28-2.bin, please wait...
2022-09-05 05:35:19 -  INFO: Decoding 2 packets from File: (143) SRV [28-114, 28-2].bin, please wait...
2022-09-05 05:35:19 -  INFO: Decoding 1 packets from File: (144) CLI 28-2.bin, please wait...
2022-09-05 05:35:19 -  INFO: Decoding 3 packets from File: (144) SRV [28-114, 28-2, 28-114].bin, please wait...
2022-09-05 05:35:19 -  INFO: Decoding 1 packets from File: (145) CLI 28-2.bin, please wait...
2022-09-05 05:35:19 -  INFO: Decoding 2 packets from File: (145) SRV [28-2, 28-114].bin, please wait...
2022-09-05 05:35:19 -  INFO: Decoding 1 packets from File: (146) CLI 28-2.bin, please wait...
2022-09-05 05:35:19 -  INFO: Decoding 2 packets from File: (146) SRV [28-2, 28-114].bin, please wait...
2022-09-05 05:35:19 -  INFO: Decoding 1 packets from File: (147) CLI 28-2.bin, please wait...
2022-09-05 05:35:19 -  INFO: Decoding 1 packets from File: (147) SRV MultiPacket.bin, please wait...
2022-09-05 05:35:19 -  INFO: Decoding 1 packets from File: (148) CLI 28-2.bin, please wait...
2022-09-05 05:35:19 -  INFO: Decoding 8 packets from File: (148) SRV [28-114, 28-2, 28-114, 28-2, 28-114, 28-2, 28-114, 7-4].bin, please wait...
2022-09-05 05:35:19 -  INFO: Decoding 6 packets from File: (148) SRV [28-114, 28-2, 28-114, 28-2, 28-114, 28-2].bin, please wait...
2022-09-05 05:35:19 -  INFO: Decoding 5 packets from File: (148) SRV [28-114, 28-2, 28-114, 28-2, 28-114].bin, please wait...
2022-09-05 05:35:19 -  INFO: Decoding 2 packets from File: (148) SRV [28-114, 28-2].bin, please wait...
2022-09-05 05:35:19 -  INFO: Decoding 1 packets from File: (149) CLI 28-2.bin, please wait...
2022-09-05 05:35:19 -  INFO: Decoding 1 packets from File: (149) CLI 7-16.bin, please wait...
2022-09-05 05:35:19 -  INFO: Decoding 1 packets from File: (149) CLI 7-4.bin, please wait...
2022-09-05 05:35:19 -  INFO: Decoding 1 packets from File: (15) CLI 28-2.bin, please wait...
2022-09-05 05:35:19 -  INFO: Decoding 2 packets from File: (15) SRV [28-2, 28-114].bin, please wait...
2022-09-05 05:35:19 -  INFO: Decoding 1 packets from File: (152) CLI 28-2.bin, please wait...
2022-09-05 05:35:19 -  INFO: Decoding 1 packets from File: (152) CLI_[Unkown].bin, please wait...
2022-09-05 05:35:19 -  INFO: Decoding 2 packets from File: (152) SRV [28-2, 28-114].bin, please wait...
2022-09-05 05:35:19 -  INFO: Decoding 11 packets from File: (153) CLI 2050-20.bin, please wait...
2022-09-05 05:35:19 -  INFO: Decoding 12 packets from File: (153) SRV [2050-20, 2050-20, 2050-20, 2050-20, 2050-20, 2050-20, 2050-20, 2050-20, 2050-20, 2050-20, 28-2, 28-114].bin, please wait...
2022-09-05 05:35:19 -  INFO: Decoding 1 packets from File: (154) CLI 28-2.bin, please wait...
2022-09-05 05:35:19 -  INFO: Decoding 1 packets from File: (154) SRV MultiPacket.bin, please wait...
2022-09-05 05:35:19 -  INFO: Decoding 1 packets from File: (155) CLI 28-2.bin, please wait...
2022-09-05 05:35:19 -  INFO: Decoding 2 packets from File: (155) SRV [28-114, 28-2].bin, please wait...
2022-09-05 05:35:19 -  INFO: Decoding 1 packets from File: (156) CLI 28-2.bin, please wait...
2022-09-05 05:35:19 -  INFO: Decoding 2 packets from File: (156) SRV [28-2, 28-114].bin, please wait...
2022-09-05 05:35:19 -  INFO: Decoding 2 packets from File: (157) CLI 2050-20.bin, please wait...
2022-09-05 05:35:19 -  INFO: Decoding 2 packets from File: (157) SRV [28-2, 28-114].bin, please wait...
2022-09-05 05:35:19 -  INFO: Decoding 2 packets from File: (158) CLI 2050-20.bin, please wait...
2022-09-05 05:35:19 -  INFO: Decoding 2 packets from File: (158) SRV [2050-20, 2050-20].bin, please wait...
2022-09-05 05:35:19 -  INFO: Decoding 1 packets from File: (159) CLI 1-36.bin, please wait...
2022-09-05 05:35:19 -  INFO: Decoding 1 packets from File: (159) SRV MultiPacket.bin, please wait...
2022-09-05 05:35:19 -  INFO: Decoding 1 packets from File: (16) CLI 28-2.bin, please wait...
2022-09-05 05:35:19 -  INFO: Decoding 1 packets from File: (16) SRV MultiPacket.bin, please wait...
2022-09-05 05:35:19 -  INFO: Decoding 1 packets from File: (160) CLI 9-2.bin, please wait...
2022-09-05 05:35:19 -  INFO: Decoding 1 packets from File: (160) SRV MultiPacket.bin, please wait...
2022-09-05 05:35:19 -  INFO: Decoding 1 packets from File: (161) CLI 9-2.bin, please wait...
2022-09-05 05:35:19 -  INFO: Decoding 1 packets from File: (17) CLI 28-2.bin, please wait...
2022-09-05 05:35:19 -  INFO: Decoding 3 packets from File: (17) SRV [28-114, 28-2, 28-114].bin, please wait...
2022-09-05 05:35:19 -  INFO: Decoding 1 packets from File: (18) CLI 28-2.bin, please wait...
2022-09-05 05:35:19 -  INFO: Decoding 2 packets from File: (18) SRV [28-2, 28-114].bin, please wait...
2022-09-05 05:35:19 -  INFO: Decoding 1 packets from File: (19) CLI 28-2.bin, please wait...
2022-09-05 05:35:19 -  INFO: Decoding 1 packets from File: (19) SRV MultiPacket.bin, please wait...
2022-09-05 05:35:19 -  INFO: Decoding 1 packets from File: (2) CLI 1-152.bin, please wait...
2022-09-05 05:35:19 -  INFO: Decoding 4 packets from File: (2) SRV [30722-8, 1-152, 30722-2, 30722-5].bin, please wait...
2022-09-05 05:35:19 -  INFO: Decoding 1 packets from File: (20) CLI 28-2.bin, please wait...
2022-09-05 05:35:19 -  INFO: Decoding 3 packets from File: (20) SRV [28-114, 28-2, 28-114].bin, please wait...
2022-09-05 05:35:19 -  INFO: Decoding 1 packets from File: (21) CLI 28-2.bin, please wait...
2022-09-05 05:35:19 -  INFO: Decoding 2 packets from File: (21) SRV [28-2, 28-114].bin, please wait...
2022-09-05 05:35:19 -  INFO: Decoding 1 packets from File: (22) CLI 28-2.bin, please wait...
2022-09-05 05:35:19 -  INFO: Decoding 2 packets from File: (22) SRV [28-2, 28-114].bin, please wait...
2022-09-05 05:35:19 -  INFO: Decoding 1 packets from File: (23) CLI 28-2.bin, please wait...
2022-09-05 05:35:19 -  INFO: Decoding 1 packets from File: (23) SRV MultiPacket.bin, please wait...
2022-09-05 05:35:19 -  INFO: Decoding 1 packets from File: (24) CLI 28-2.bin, please wait...
2022-09-05 05:35:19 -  INFO: Decoding 3 packets from File: (24) SRV [28-114, 28-2, 28-114].bin, please wait...
2022-09-05 05:35:19 -  INFO: Decoding 1 packets from File: (25) CLI 28-2.bin, please wait...
2022-09-05 05:35:19 -  INFO: Decoding 1 packets from File: (25) SRV MultiPacket.bin, please wait...
2022-09-05 05:35:19 -  INFO: Decoding 1 packets from File: (26) CLI 28-2.bin, please wait...
2022-09-05 05:35:19 -  INFO: Decoding 3 packets from File: (26) SRV [28-114, 28-2, 28-114].bin, please wait...
2022-09-05 05:35:19 -  INFO: Decoding 1 packets from File: (27) CLI 28-2.bin, please wait...
2022-09-05 05:35:19 -  INFO: Decoding 2 packets from File: (27) SRV [28-2, 28-114].bin, please wait...
2022-09-05 05:35:19 -  INFO: Decoding 1 packets from File: (28) CLI 28-2.bin, please wait...
2022-09-05 05:35:19 -  INFO: Decoding 2 packets from File: (28) SRV [28-2, 28-114].bin, please wait...
2022-09-05 05:35:19 -  INFO: Decoding 1 packets from File: (29) CLI 28-2.bin, please wait...
2022-09-05 05:35:19 -  INFO: Decoding 1 packets from File: (29) SRV MultiPacket.bin, please wait...
2022-09-05 05:35:19 -  INFO: Decoding 1 packets from File: (3) CLI 9-8.bin, please wait...
2022-09-05 05:35:19 -  INFO: Decoding 1 packets from File: (3) SRV MultiPacket.bin, please wait...
2022-09-05 05:35:19 -  INFO: Decoding 1 packets from File: (30) CLI 28-2.bin, please wait...
2022-09-05 05:35:19 -  INFO: Decoding 2 packets from File: (30) SRV [28-114, 28-2].bin, please wait...
2022-09-05 05:35:19 -  INFO: Decoding 1 packets from File: (31) CLI 28-2.bin, please wait...
2022-09-05 05:35:19 -  INFO: Decoding 3 packets from File: (31) SRV [28-114, 28-2, 28-114].bin, please wait...
2022-09-05 05:35:19 -  INFO: Decoding 1 packets from File: (32) CLI 9-20.bin, please wait...
2022-09-05 05:35:19 -  INFO: Decoding 1 packets from File: (33) CLI 28-2.bin, please wait...
2022-09-05 05:35:19 -  INFO: Decoding 3 packets from File: (33) SRV [9-20, 28-2, 28-114].bin, please wait...
2022-09-05 05:35:19 -  INFO: Decoding 1 packets from File: (34) CLI 28-2.bin, please wait...
2022-09-05 05:35:19 -  INFO: Decoding 1 packets from File: (34) SRV MultiPacket.bin, please wait...
2022-09-05 05:35:19 -  INFO: Decoding 1 packets from File: (35) CLI 28-2.bin, please wait...
2022-09-05 05:35:19 -  INFO: Decoding 2 packets from File: (35) SRV [28-2, 28-114].bin, please wait...
2022-09-05 05:35:19 -  INFO: Decoding 1 packets from File: (36) CLI 28-2.bin, please wait...
2022-09-05 05:35:19 -  INFO: Decoding 1 packets from File: (36) SRV MultiPacket.bin, please wait...
2022-09-05 05:35:19 -  INFO: Decoding 1 packets from File: (37) CLI 28-2.bin, please wait...
2022-09-05 05:35:19 -  INFO: Decoding 3 packets from File: (37) SRV [28-114, 28-2, 28-114].bin, please wait...
2022-09-05 05:35:19 -  INFO: Decoding 1 packets from File: (38) CLI 28-2.bin, please wait...
2022-09-05 05:35:19 -  INFO: Decoding 2 packets from File: (38) SRV [28-2, 28-114].bin, please wait...
2022-09-05 05:35:19 -  INFO: Decoding 1 packets from File: (39) CLI 28-2.bin, please wait...
2022-09-05 05:35:19 -  INFO: Decoding 2 packets from File: (39) SRV [28-2, 28-114].bin, please wait...
2022-09-05 05:35:19 -  INFO: Decoding 6 packets from File: (4) CLI 30722-20.bin, please wait...
2022-09-05 05:35:19 -  INFO: Decoding 1 packets from File: (40) CLI 28-2.bin, please wait...
2022-09-05 05:35:19 -  INFO: Decoding 1 packets from File: (40) SRV MultiPacket.bin, please wait...
2022-09-05 05:35:19 -  INFO: Decoding 1 packets from File: (41) CLI 28-2.bin, please wait...
2022-09-05 05:35:19 -  INFO: Decoding 3 packets from File: (41) SRV [28-114, 28-2, 28-114].bin, please wait...
2022-09-05 05:35:19 -  INFO: Decoding 1 packets from File: (42) CLI 28-2.bin, please wait...
2022-09-05 05:35:19 -  INFO: Decoding 1 packets from File: (42) SRV MultiPacket.bin, please wait...
2022-09-05 05:35:19 -  INFO: Decoding 1 packets from File: (43) CLI 28-2.bin, please wait...
2022-09-05 05:35:19 -  INFO: Decoding 1 packets from File: (43) SRV MultiPacket.bin, please wait...
2022-09-05 05:35:19 -  INFO: Decoding 1 packets from File: (44) CLI 28-2.bin, please wait...
2022-09-05 05:35:19 -  INFO: Decoding 2 packets from File: (44) SRV [28-114, 28-2].bin, please wait...
2022-09-05 05:35:19 -  INFO: Decoding 1 packets from File: (45) CLI 28-2.bin, please wait...
2022-09-05 05:35:19 -  INFO: Decoding 2 packets from File: (45) SRV [28-2, 28-114].bin, please wait...
2022-09-05 05:35:19 -  INFO: Decoding 1 packets from File: (46) CLI 28-2.bin, please wait...
2022-09-05 05:35:19 -  INFO: Decoding 2 packets from File: (46) SRV [28-2, 28-114].bin, please wait...
2022-09-05 05:35:19 -  INFO: Decoding 1 packets from File: (47) CLI 28-2.bin, please wait...
2022-09-05 05:35:19 -  INFO: Decoding 2 packets from File: (47) SRV [28-2, 28-114].bin, please wait...
2022-09-05 05:35:19 -  INFO: Decoding 1 packets from File: (48) CLI 28-2.bin, please wait...
2022-09-05 05:35:19 -  INFO: Decoding 2 packets from File: (48) SRV [28-2, 28-114].bin, please wait...
2022-09-05 05:35:19 -  INFO: Decoding 1 packets from File: (49) CLI 28-2.bin, please wait...
2022-09-05 05:35:19 -  INFO: Decoding 1 packets from File: (49) SRV MultiPacket.bin, please wait...
2022-09-05 05:35:19 -  INFO: Decoding 1 packets from File: (5) CLI 30722-8.bin, please wait...
2022-09-05 05:35:19 -  INFO: Decoding 8 packets from File: (5) SRV [30722-20, 30722-1, 1-230, 1-30, 9-10, 9-10, 7-15, 30722-8].bin, please wait...
2022-09-05 05:35:20 -  INFO: Decoding 1 packets from File: (50) CLI 28-2.bin, please wait...
2022-09-05 05:35:20 -  INFO: Decoding 3 packets from File: (50) SRV [28-114, 28-2, 28-114].bin, please wait...
2022-09-05 05:35:20 -  INFO: Decoding 1 packets from File: (51) CLI 28-2.bin, please wait...
2022-09-05 05:35:20 -  INFO: Decoding 2 packets from File: (51) SRV [28-2, 28-114].bin, please wait...
2022-09-05 05:35:20 -  INFO: Decoding 1 packets from File: (52) CLI 28-2.bin, please wait...
2022-09-05 05:35:20 -  INFO: Decoding 1 packets from File: (52) SRV MultiPacket.bin, please wait...
2022-09-05 05:35:20 -  INFO: Decoding 1 packets from File: (53) CLI 28-2.bin, please wait...
2022-09-05 05:35:20 -  INFO: Decoding 3 packets from File: (53) SRV [28-114, 28-2, 28-114].bin, please wait...
2022-09-05 05:35:20 -  INFO: Decoding 1 packets from File: (54) CLI 28-2.bin, please wait...
2022-09-05 05:35:20 -  INFO: Decoding 1 packets from File: (54) SRV MultiPacket.bin, please wait...
2022-09-05 05:35:20 -  INFO: Decoding 1 packets from File: (55) CLI 28-2.bin, please wait...
2022-09-05 05:35:20 -  INFO: Decoding 3 packets from File: (55) SRV [28-114, 28-2, 28-114].bin, please wait...
2022-09-05 05:35:20 -  INFO: Decoding 1 packets from File: (56) CLI 28-2.bin, please wait...
2022-09-05 05:35:20 -  INFO: Decoding 2 packets from File: (56) SRV [28-2, 28-114].bin, please wait...
2022-09-05 05:35:20 -  INFO: Decoding 1 packets from File: (57) CLI 28-2.bin, please wait...
2022-09-05 05:35:20 -  INFO: Decoding 2 packets from File: (57) SRV [28-2, 28-114].bin, please wait...
2022-09-05 05:35:20 -  INFO: Decoding 1 packets from File: (58) CLI 28-2.bin, please wait...
2022-09-05 05:35:20 -  INFO: Decoding 1 packets from File: (58) SRV MultiPacket.bin, please wait...
2022-09-05 05:35:20 -  INFO: Decoding 1 packets from File: (59) CLI 28-2.bin, please wait...
2022-09-05 05:35:20 -  INFO: Decoding 3 packets from File: (59) SRV [28-114, 28-2, 28-114].bin, please wait...
2022-09-05 05:35:20 -  INFO: Decoding 5 packets from File: (6) CLI 9-1.bin, please wait...
2022-09-05 05:35:20 -  INFO: Decoding 7 packets from File: (6) SRV [9-1, 30722-20, 30722-1, 9-11, 9-11, 25-6, 30722-2].bin, please wait...
2022-09-05 05:35:20 -  INFO: Decoding 1 packets from File: (60) CLI 28-2.bin, please wait...
2022-09-05 05:35:20 -  INFO: Decoding 1 packets from File: (60) SRV MultiPacket.bin, please wait...
2022-09-05 05:35:20 -  INFO: Decoding 1 packets from File: (61) CLI 28-2.bin, please wait...
2022-09-05 05:35:20 -  INFO: Decoding 2 packets from File: (61) SRV [28-114, 28-2].bin, please wait...
2022-09-05 05:35:20 -  INFO: Decoding 1 packets from File: (62) CLI 28-2.bin, please wait...
2022-09-05 05:35:20 -  INFO: Decoding 2 packets from File: (62) SRV [28-114, 28-2].bin, please wait...
2022-09-05 05:35:20 -  INFO: Decoding 1 packets from File: (63) CLI 28-2.bin, please wait...
2022-09-05 05:35:20 -  INFO: Decoding 2 packets from File: (63) SRV [28-114, 28-2].bin, please wait...
2022-09-05 05:35:20 -  INFO: Decoding 1 packets from File: (64) CLI 28-2.bin, please wait...
2022-09-05 05:35:20 -  INFO: Decoding 3 packets from File: (64) SRV [28-114, 28-2, 28-114].bin, please wait...
2022-09-05 05:35:20 -  INFO: Decoding 1 packets from File: (65) CLI 28-2.bin, please wait...
2022-09-05 05:35:20 -  INFO: Decoding 2 packets from File: (65) SRV [28-2, 28-114].bin, please wait...
2022-09-05 05:35:20 -  INFO: Decoding 1 packets from File: (66) CLI 28-2.bin, please wait...
2022-09-05 05:35:20 -  INFO: Decoding 1 packets from File: (66) SRV MultiPacket.bin, please wait...
2022-09-05 05:35:20 -  INFO: Decoding 1 packets from File: (67) CLI 28-2.bin, please wait...
2022-09-05 05:35:20 -  INFO: Decoding 3 packets from File: (67) SRV [28-114, 28-2, 28-114].bin, please wait...
2022-09-05 05:35:20 -  INFO: Decoding 1 packets from File: (68) CLI 28-2.bin, please wait...
2022-09-05 05:35:20 -  INFO: Decoding 2 packets from File: (68) SRV [28-2, 28-114].bin, please wait...
2022-09-05 05:35:20 -  INFO: Decoding 1 packets from File: (69) CLI 28-2.bin, please wait...
2022-09-05 05:35:20 -  INFO: Decoding 2 packets from File: (69) SRV [28-2, 28-114].bin, please wait...
2022-09-05 05:35:20 -  INFO: Decoding 2 packets from File: (7) CLI 2050-38.bin, please wait...
2022-09-05 05:35:20 -  INFO: Decoding 7 packets from File: (7) SRV [9-1, 30722-20, 30722-1, 9-11, 9-11, 25-6, 30722-2].bin, please wait...
2022-09-05 05:35:20 -  INFO: Decoding 1 packets from File: (70) CLI 28-2.bin, please wait...
2022-09-05 05:35:20 -  INFO: Decoding 2 packets from File: (70) SRV [28-2, 28-114].bin, please wait...
2022-09-05 05:35:20 -  INFO: Decoding 1 packets from File: (71) CLI 28-2.bin, please wait...
2022-09-05 05:35:20 -  INFO: Decoding 2 packets from File: (71) SRV [28-2, 28-114].bin, please wait...
2022-09-05 05:35:20 -  INFO: Decoding 1 packets from File: (72) CLI 28-2.bin, please wait...
2022-09-05 05:35:20 -  INFO: Decoding 2 packets from File: (72) SRV [28-2, 28-114].bin, please wait...
2022-09-05 05:35:20 -  INFO: Decoding 1 packets from File: (73) CLI 28-2.bin, please wait...
2022-09-05 05:35:20 -  INFO: Decoding 1 packets from File: (73) SRV MultiPacket.bin, please wait...
2022-09-05 05:35:20 -  INFO: Decoding 1 packets from File: (74) CLI 28-2.bin, please wait...
2022-09-05 05:35:20 -  INFO: Decoding 1 packets from File: (74) SRV MultiPacket.bin, please wait...
2022-09-05 05:35:20 -  INFO: Decoding 1 packets from File: (75) CLI 28-2.bin, please wait...
2022-09-05 05:35:20 -  INFO: Decoding 2 packets from File: (75) SRV [28-114, 28-2].bin, please wait...
2022-09-05 05:35:20 -  INFO: Decoding 1 packets from File: (76) CLI 28-2.bin, please wait...
2022-09-05 05:35:20 -  INFO: Decoding 2 packets from File: (76) SRV [28-114, 28-2].bin, please wait...
2022-09-05 05:35:20 -  INFO: Decoding 1 packets from File: (77) CLI 28-2.bin, please wait...
2022-09-05 05:35:20 -  INFO: Decoding 2 packets from File: (77) SRV [28-2, 28-114].bin, please wait...
2022-09-05 05:35:20 -  INFO: Decoding 1 packets from File: (78) CLI 28-2.bin, please wait...
2022-09-05 05:35:20 -  INFO: Decoding 2 packets from File: (78) SRV [28-2, 28-114].bin, please wait...
2022-09-05 05:35:20 -  INFO: Decoding 1 packets from File: (79) CLI 28-2.bin, please wait...
2022-09-05 05:35:20 -  INFO: Decoding 1 packets from File: (79) SRV MultiPacket.bin, please wait...
2022-09-05 05:35:20 -  INFO: Decoding 1 packets from File: (8) CLI 25-7.bin, please wait...
2022-09-05 05:35:20 -  INFO: Decoding 3 packets from File: (8) SRV [2050-38, 7-4, 25-7].bin, please wait...
2022-09-05 05:35:20 -  INFO: Decoding 1 packets from File: (80) CLI 28-2.bin, please wait...
2022-09-05 05:35:20 -  INFO: Decoding 3 packets from File: (80) SRV [28-114, 28-2, 28-114].bin, please wait...
2022-09-05 05:35:20 -  INFO: Decoding 1 packets from File: (81) CLI 28-2.bin, please wait...
2022-09-05 05:35:20 -  INFO: Decoding 1 packets from File: (81) SRV MultiPacket.bin, please wait...
2022-09-05 05:35:20 -  INFO: Decoding 1 packets from File: (82) CLI 28-2.bin, please wait...
2022-09-05 05:35:20 -  INFO: Decoding 3 packets from File: (82) SRV [28-114, 28-2, 28-114].bin, please wait...
2022-09-05 05:35:20 -  INFO: Decoding 1 packets from File: (83) CLI 28-2.bin, please wait...
2022-09-05 05:35:20 -  INFO: Decoding 1 packets from File: (83) SRV MultiPacket.bin, please wait...
2022-09-05 05:35:20 -  INFO: Decoding 1 packets from File: (84) CLI 28-2.bin, please wait...
2022-09-05 05:35:20 -  INFO: Decoding 3 packets from File: (84) SRV [28-114, 28-2, 28-114].bin, please wait...
2022-09-05 05:35:20 -  INFO: Decoding 1 packets from File: (85) CLI 28-2.bin, please wait...
2022-09-05 05:35:20 -  INFO: Decoding 2 packets from File: (85) SRV [28-2, 28-114].bin, please wait...
2022-09-05 05:35:20 -  INFO: Decoding 1 packets from File: (86) CLI 28-2.bin, please wait...
2022-09-05 05:35:20 -  INFO: Decoding 1 packets from File: (86) SRV MultiPacket.bin, please wait...
2022-09-05 05:35:20 -  INFO: Decoding 1 packets from File: (87) CLI 28-2.bin, please wait...
2022-09-05 05:35:20 -  INFO: Decoding 2 packets from File: (87) SRV [28-114, 28-2].bin, please wait...
2022-09-05 05:35:20 -  INFO: Decoding 1 packets from File: (88) CLI 28-2.bin, please wait...
2022-09-05 05:35:20 -  INFO: Decoding 3 packets from File: (88) SRV [28-114, 28-2, 28-114].bin, please wait...
2022-09-05 05:35:20 -  INFO: Decoding 1 packets from File: (89) CLI 28-2.bin, please wait...
2022-09-05 05:35:20 -  INFO: Decoding 2 packets from File: (89) SRV [28-2, 28-114].bin, please wait...
2022-09-05 05:35:20 -  INFO: Decoding 1 packets from File: (9) CLI 7-16.bin, please wait...
2022-09-05 05:35:20 -  INFO: Decoding 2 packets from File: (9) SRV [7-16, 7-50].bin, please wait...
2022-09-05 05:35:20 -  INFO: Decoding 1 packets from File: (90) CLI 28-2.bin, please wait...
2022-09-05 05:35:20 -  INFO: Decoding 2 packets from File: (90) SRV [28-2, 28-114].bin, please wait...
2022-09-05 05:35:20 -  INFO: Decoding 1 packets from File: (91) CLI 28-2.bin, please wait...
2022-09-05 05:35:20 -  INFO: Decoding 1 packets from File: (91) SRV MultiPacket.bin, please wait...
2022-09-05 05:35:20 -  INFO: Decoding 1 packets from File: (92) CLI 28-2.bin, please wait...
2022-09-05 05:35:20 -  INFO: Decoding 2 packets from File: (92) SRV [28-114, 28-2].bin, please wait...
2022-09-05 05:35:20 -  INFO: Decoding 1 packets from File: (93) CLI 28-2.bin, please wait...
2022-09-05 05:35:20 -  INFO: Decoding 2 packets from File: (93) SRV [28-114, 28-2].bin, please wait...
2022-09-05 05:35:20 -  INFO: Decoding 1 packets from File: (94) CLI 28-2.bin, please wait...
2022-09-05 05:35:20 -  INFO: Decoding 2 packets from File: (94) SRV [28-114, 28-2].bin, please wait...
2022-09-05 05:35:20 -  INFO: Decoding 1 packets from File: (95) CLI 28-2.bin, please wait...
2022-09-05 05:35:20 -  INFO: Decoding 2 packets from File: (95) SRV [28-114, 28-2].bin, please wait...
2022-09-05 05:35:20 -  INFO: Decoding 1 packets from File: (96) CLI 28-2.bin, please wait...
2022-09-05 05:35:20 -  INFO: Decoding 2 packets from File: (96) SRV [28-114, 28-2].bin, please wait...
2022-09-05 05:35:20 -  INFO: Decoding 1 packets from File: (97) CLI 28-2.bin, please wait...
2022-09-05 05:35:20 -  INFO: Decoding 2 packets from File: (97) SRV [28-2, 28-114].bin, please wait...
2022-09-05 05:35:20 -  INFO: Decoding 1 packets from File: (98) CLI 28-2.bin, please wait...
2022-09-05 05:35:20 -  INFO: Decoding 2 packets from File: (98) SRV [28-2, 28-114].bin, please wait...
2022-09-05 05:35:20 -  INFO: Decoding 1 packets from File: (99) CLI 28-2.bin, please wait...
2022-09-05 05:35:20 -  INFO: Decoding 1 packets from File: (99) SRV MultiPacket.bin, please wait...
2022-09-05 05:35:20 -  INFO: Complete!!!
2022-09-05 05:35:20 -  INFO: Press a key to continue...
